#
# A fatal error has been detected by the Java Runtime Environment:
#
#  EXCEPTION_ACCESS_VIOLATION (0xc0000005) at pc=0x00007ffaf7e76ab7, pid=772, tid=1208
#
# JRE version: Java(TM) SE Runtime Environment (17.0.8+9) (build 17.0.8+9-LTS-211)
# Java VM: Java HotSpot(TM) 64-Bit Server VM (17.0.8+9-LTS-211, mixed mode, sharing, tiered, compressed oops, compressed class ptrs, g1 gc, windows-amd64)
# Problematic frame:
# C  [glass.dll+0x26ab7]
#
# No core dump will be written. Minidumps are not enabled by default on client versions of Windows
#
# If you would like to submit a bug report, please visit:
#   https://bugreport.java.com/bugreport/crash.jsp
#

---------------  S U M M A R Y ------------

Command Line: -javaagent:C:\Program Files\JetBrains\IntelliJ IDEA Community Edition 2022.3.1\lib\idea_rt.jar=57999:C:\Program Files\JetBrains\IntelliJ IDEA Community Edition 2022.3.1\bin -Dfile.encoding=UTF-8 --module-path=C:\Users\mdv\.m2\repository\org\openjfx\javafx-controls\17.0.2\javafx-controls-17.0.2-win.jar;C:\Tools\javafx-sdk-20\lib\javafx.controls.jar;C:\Users\mdv\.m2\repository\org\openjfx\javafx-base\17.0.2\javafx-base-17.0.2-win.jar;C:\Tools\javafx-sdk-20\lib\javafx.base.jar;C:\projects\demo\target\classes;C:\Users\mdv\.m2\repository\org\postgresql\postgresql\42.2.27\postgresql-42.2.27.jar;C:\Users\mdv\.m2\repository\org\openjfx\javafx-graphics\17.0.2\javafx-graphics-17.0.2-win.jar;C:\Tools\javafx-sdk-20\lib\javafx.graphics.jar;C:\Users\mdv\.m2\repository\org\jsoup\jsoup\1.15.3\jsoup-1.15.3.jar;C:\Users\mdv\.m2\repository\org\openjfx\javafx-fxml\17.0.2\javafx-fxml-17.0.2-win.jar;C:\Tools\javafx-sdk-20\lib\javafx.fxml.jar -Djdk.module.main=com.example.demo com.example.demo/com.example.demo.HelloApplication

Host: Intel(R) Core(TM) i5 CPU       M 560  @ 2.67GHz, 4 cores, 7G,  Windows 10 , 64 bit Build 19041 (10.0.19041.3155)
Time: Sat Jul 22 23:17:14 2023 RTZ 2 (s 10 , 64 bit Build 19041 (10.0.19041.3155) elapsed time: 35.798689 seconds (0d 0h 0m 35s)

---------------  T H R E A D  ---------------

Current thread (0x0000015ea23678f0):  VMThread "VM Thread" [stack: 0x0000000bf4800000,0x0000000bf4900000] [id=1208]

Stack: [0x0000000bf4800000,0x0000000bf4900000],  sp=0x0000000bf48feda0,  free space=1019k
Native frames: (J=compiled Java code, j=interpreted, Vv=VM code, C=native code)
C  [glass.dll+0x26ab7]


siginfo: EXCEPTION_ACCESS_VIOLATION (0xc0000005), reading address 0x0000000000000000


Register to memory mapping:

RIP=0x00007ffaf7e76ab7 glass.dll
RAX=0x0 is NULL
RBX=0x0000015ea2378020 is a global jni handle
RCX=0x0000015ea23678f0 points into unknown readable memory: 0x00007ffab2e66a68 | 68 6a e6 b2 fa 7f 00 00
RDX=0x0000000bf48feda0 points into unknown readable memory: 0x0000000000000000 | 00 00 00 00 00 00 00 00
RSP=0x0000000bf48feda0 points into unknown readable memory: 0x0000000000000000 | 00 00 00 00 00 00 00 00
RBP=0x0000015ee858be38 points into unknown readable memory: 0x0000cfb5126688e2 | e2 88 66 12 b5 cf 00 00
RSI=0x0000015ee858be10 points into unknown readable memory: 0xdf9c35c512677709 | 09 77 67 12 c5 35 9c df
RDI=0x0000cfb5126688e2 is an unknown value
R8 =0x0000000000010002 is an unknown value
R9 =0x0000cfb5126688e2 is an unknown value
R10=0x0000000000008000 is an unknown value
R11=0x0000000bf48fed30 points into unknown readable memory: 0x0000000000000000 | 00 00 00 00 00 00 00 00
R12=0x00007ffaf7e74384 glass.dll
R13=0x00007ffab3021150 jvm.dll
R14=0x0000000bf48fee98 points into unknown readable memory: 0x0000000bf48fee80 | 80 ee 8f f4 0b 00 00 00
R15=0x0000015ee858be10 points into unknown readable memory: 0xdf9c35c512677709 | 09 77 67 12 c5 35 9c df


Registers:
RAX=0x0000000000000000, RBX=0x0000015ea2378020, RCX=0x0000015ea23678f0, RDX=0x0000000bf48feda0
RSP=0x0000000bf48feda0, RBP=0x0000015ee858be38, RSI=0x0000015ee858be10, RDI=0x0000cfb5126688e2
R8 =0x0000000000010002, R9 =0x0000cfb5126688e2, R10=0x0000000000008000, R11=0x0000000bf48fed30
R12=0x00007ffaf7e74384, R13=0x00007ffab3021150, R14=0x0000000bf48fee98, R15=0x0000015ee858be10
RIP=0x00007ffaf7e76ab7, EFLAGS=0x0000000000010202

Top of Stack: (sp=0x0000000bf48feda0)
0x0000000bf48feda0:   0000000000000000 0000015ee858be10
0x0000000bf48fedb0:   00007ffab3021150 00007ffaf7e74384
0x0000000bf48fedc0:   0000015ee858be18 00007ffb14d342d6
0x0000000bf48fedd0:   0000cfb5126688e2 0000015e00000000
0x0000000bf48fede0:   0000015ee858be38 0000015ee858be10
0x0000000bf48fedf0:   fffffffffffffffe 0000000000000000
0x0000000bf48fee00:   0000000000000001 00007ffaf7e50000
0x0000000bf48fee10:   0000000bf48fee88 00007ffb14d341fb
0x0000000bf48fee20:   0000000000000000 0000000bf48fee98
0x0000000bf48fee30:   0000000bf48ff160 00007ffb14e10e40
0x0000000bf48fee40:   0000000000000001 00007ffb14d341b4
0x0000000bf48fee50:   0000000000000000 0000000000000001
0x0000000bf48fee60:   00007ffb1421d920 0000000bf48fee88
0x0000000bf48fee70:   000000000000000d 00007ffaf7e74211
0x0000000bf48fee80:   00007ffaf7e8a138 00007ffb00000002
0x0000000bf48fee90:   0000000000000002 0000000bf48fee80 

Instructions: (pc=0x00007ffaf7e76ab7)
0x00007ffaf7e769b7:   8b 4d 58 e8 01 cf ff ff 48 8b 4d 60 e8 f8 ce ff
0x00007ffaf7e769c7:   ff 48 8b 95 80 00 00 00 48 8b 8d 18 01 00 00 e8
0x00007ffaf7e769d7:   c6 c3 ff ff 33 d2 33 c9 e8 3c e1 ff ff 90 48 89
0x00007ffaf7e769e7:   54 24 10 55 48 83 ec 20 48 8b ea 48 b8 00 00 00
0x00007ffaf7e769f7:   00 00 00 00 00 48 83 c4 20 5d c3 cc 40 55 48 8b
0x00007ffaf7e76a07:   ea 48 8b 01 33 c9 81 38 05 00 00 c0 0f 94 c1 8b
0x00007ffaf7e76a17:   c1 5d c3 cc 40 55 48 83 ec 20 48 8b ea 8a 4d 40
0x00007ffaf7e76a27:   48 83 c4 20 5d e9 f7 d2 ff ff cc 40 55 48 83 ec
0x00007ffaf7e76a37:   20 48 8b ea 8a 4d 20 e8 e5 d2 ff ff 90 48 83 c4
0x00007ffaf7e76a47:   20 5d c3 cc 40 55 48 83 ec 20 48 8b ea 48 83 c4
0x00007ffaf7e76a57:   20 5d e9 46 d1 ff ff cc 40 55 48 83 ec 30 48 8b
0x00007ffaf7e76a67:   ea 48 8b 01 8b 10 48 89 4c 24 28 89 54 24 20 4c
0x00007ffaf7e76a77:   8d 0d e7 d5 ff ff 4c 8b 45 70 8b 55 68 48 8b 4d
0x00007ffaf7e76a87:   60 e8 87 d0 ff ff 90 48 83 c4 30 5d c3 cc cc cc
0x00007ffaf7e76a97:   cc cc cc cc cc cc cc cc cc 40 53 48 83 ec 20 48
0x00007ffaf7e76aa7:   8b 1d 83 30 01 00 48 85 db 74 16 e8 09 8b ff ff
0x00007ffaf7e76ab7:   4c 8b 00 48 8b d3 48 8b c8 41 ff 90 b0 00 00 00
0x00007ffaf7e76ac7:   90 48 83 c4 20 5b c3 cc cc 40 53 48 83 ec 20 48
0x00007ffaf7e76ad7:   8b 1d fb 31 01 00 48 85 db 74 57 b8 ff ff ff ff
0x00007ffaf7e76ae7:   f0 0f c1 43 10 83 f8 01 75 3d 48 85 db 74 38 48
0x00007ffaf7e76af7:   8b 0b 48 85 c9 74 0d ff 15 a4 07 00 00 48 c7 03
0x00007ffaf7e76b07:   00 00 00 00 48 8b 4b 08 48 85 c9 74 0d e8 a7 cd
0x00007ffaf7e76b17:   ff ff 48 c7 43 08 00 00 00 00 ba 18 00 00 00 48
0x00007ffaf7e76b27:   8b cb e8 92 cd ff ff 48 c7 05 9f 31 01 00 00 00
0x00007ffaf7e76b37:   00 00 48 83 c4 20 5b c3 cc 40 53 48 83 ec 20 48
0x00007ffaf7e76b47:   8b 1d 6b 31 01 00 48 85 db 74 57 b8 ff ff ff ff
0x00007ffaf7e76b57:   f0 0f c1 43 10 83 f8 01 75 3d 48 85 db 74 38 48
0x00007ffaf7e76b67:   8b 0b 48 85 c9 74 0d ff 15 34 07 00 00 48 c7 03
0x00007ffaf7e76b77:   00 00 00 00 48 8b 4b 08 48 85 c9 74 0d e8 37 cd
0x00007ffaf7e76b87:   ff ff 48 c7 43 08 00 00 00 00 ba 18 00 00 00 48
0x00007ffaf7e76b97:   8b cb e8 22 cd ff ff 48 c7 05 0f 31 01 00 00 00
0x00007ffaf7e76ba7:   00 00 48 83 c4 20 5b c3 cc 40 53 48 83 ec 20 48 


Stack slot to memory mapping:
stack at sp + 0 slots: 0x0 is NULL
stack at sp + 1 slots: 0x0000015ee858be10 points into unknown readable memory: 0xdf9c35c512677709 | 09 77 67 12 c5 35 9c df
stack at sp + 2 slots: 0x00007ffab3021150 jvm.dll
stack at sp + 3 slots: 0x00007ffaf7e74384 glass.dll
stack at sp + 4 slots: 0x0000015ee858be18 points into unknown readable memory: 0x0000cfb5126688e2 | e2 88 66 12 b5 cf 00 00
stack at sp + 5 slots: 0x00007ffb14d342d6 ucrtbase.dll
stack at sp + 6 slots: 0x0000cfb5126688e2 is an unknown value
stack at sp + 7 slots: 0x0000015e00000000 is an unknown value

VM_Operation (0x0000000bf6eff210): Exit, mode: safepoint, requested by thread 0x0000015ee919ff60


---------------  P R O C E S S  ---------------

Threads class SMR info:
_java_thread_list=0x0000015eeea4b400, length=20, elements={
0x0000015e84d0e2d0, 0x0000015ea2370fe0, 0x0000015ea2371b60, 0x0000015ea2387890,
0x0000015ea2388150, 0x0000015ea2388a10, 0x0000015ea23896b0, 0x0000015ea238d890,
0x0000015ea238e190, 0x0000015ea2355fb0, 0x0000015ee84d8380, 0x0000015ee89ea950,
0x0000015ee87df610, 0x0000015ee8fc1990, 0x0000015ee8ae2850, 0x0000015ee9173560,
0x0000015ee8ca06c0, 0x0000015ee919f0f0, 0x0000015ee919e750, 0x0000015ee919ff60
}

Java Threads: ( => current thread )
  0x0000015e84d0e2d0 JavaThread "main" [_thread_blocked, id=3228, stack(0x0000000bf4200000,0x0000000bf4300000)]
  0x0000015ea2370fe0 JavaThread "Reference Handler" daemon [_thread_blocked, id=1192, stack(0x0000000bf4900000,0x0000000bf4a00000)]
  0x0000015ea2371b60 JavaThread "Finalizer" daemon [_thread_blocked, id=5156, stack(0x0000000bf4a00000,0x0000000bf4b00000)]
  0x0000015ea2387890 JavaThread "Attach Listener" daemon [_thread_blocked, id=7472, stack(0x0000000bf4c00000,0x0000000bf4d00000)]
  0x0000015ea2388150 JavaThread "Service Thread" daemon [_thread_blocked, id=4620, stack(0x0000000bf4d00000,0x0000000bf4e00000)]
  0x0000015ea2388a10 JavaThread "Monitor Deflation Thread" daemon [_thread_blocked, id=4720, stack(0x0000000bf4e00000,0x0000000bf4f00000)]
  0x0000015ea23896b0 JavaThread "C2 CompilerThread0" daemon [_thread_blocked, id=4760, stack(0x0000000bf4f00000,0x0000000bf5000000)]
  0x0000015ea238d890 JavaThread "C1 CompilerThread0" daemon [_thread_blocked, id=7924, stack(0x0000000bf5000000,0x0000000bf5100000)]
  0x0000015ea238e190 JavaThread "Sweeper thread" daemon [_thread_blocked, id=632, stack(0x0000000bf5100000,0x0000000bf5200000)]
  0x0000015ea2355fb0 JavaThread "Common-Cleaner" daemon [_thread_blocked, id=7932, stack(0x0000000bf5200000,0x0000000bf5300000)]
  0x0000015ee84d8380 JavaThread "Monitor Ctrl-Break" daemon [_thread_in_native, id=11224, stack(0x0000000bf5400000,0x0000000bf5500000)]
  0x0000015ee89ea950 JavaThread "Notification Thread" daemon [_thread_blocked, id=4420, stack(0x0000000bf5500000,0x0000000bf5600000)]
  0x0000015ee87df610 JavaThread "QuantumRenderer-0" daemon [_thread_blocked, id=6488, stack(0x0000000bf5a00000,0x0000000bf5b00000)]
  0x0000015ee8fc1990 JavaThread "InvokeLaterDispatcher" daemon [_thread_blocked, id=3596, stack(0x0000000bf5c00000,0x0000000bf5d00000)]
  0x0000015ee8ae2850 JavaThread "JavaFX Application Thread" [_thread_in_native, id=6428, stack(0x0000000bf5d00000,0x0000000bf5e00000)]
  0x0000015ee9173560 JavaThread "Thread-1" daemon [_thread_in_native, id=6764, stack(0x0000000bf5300000,0x0000000bf5400000)]
  0x0000015ee8ca06c0 JavaThread "JavaFX-Launcher" [_thread_blocked, id=5332, stack(0x0000000bf5f00000,0x0000000bf6000000)]
  0x0000015ee919f0f0 JavaThread "Prism Font Disposer" daemon [_thread_blocked, id=5644, stack(0x0000000bf6000000,0x0000000bf6100000)]
  0x0000015ee919e750 JavaThread "Cleaner-0" daemon [_thread_blocked, id=6772, stack(0x0000000bf6800000,0x0000000bf6900000)]
  0x0000015ee919ff60 JavaThread "SIGINT handler" daemon [_thread_blocked, id=4052, stack(0x0000000bf6e00000,0x0000000bf6f00000)]

Other Threads:
=>0x0000015ea23678f0 VMThread "VM Thread" [stack: 0x0000000bf4800000,0x0000000bf4900000] [id=1208]
  0x0000015e84d659c0 GCTaskThread "GC Thread#0" [stack: 0x0000000bf4300000,0x0000000bf4400000] [id=6220]
  0x0000015ee89ea630 GCTaskThread "GC Thread#1" [stack: 0x0000000bf5700000,0x0000000bf5800000] [id=10380]
  0x0000015ee88a78e0 GCTaskThread "GC Thread#2" [stack: 0x0000000bf5800000,0x0000000bf5900000] [id=11116]
  0x0000015ee83e5450 GCTaskThread "GC Thread#3" [stack: 0x0000000bf5900000,0x0000000bf5a00000] [id=5240]
  0x0000015e84d771e0 ConcurrentGCThread "G1 Main Marker" terminated
  0x0000015e84d77b00 ConcurrentGCThread "G1 Conc#0" [stack: 0x0000000bf4500000,0x0000000bf4600000] [id=2648]
  0x0000015e84ddcc70 ConcurrentGCThread "G1 Refine#0" terminated
  0x0000015e84ddd5a0 ConcurrentGCThread "G1 Service" terminated

Threads with active compile tasks:

VM state: at safepoint (shutting down)

VM Mutex/Monitor currently owned by a thread:  ([mutex/lock_event])
[0x0000015e84d094d0] Threads_lock - owner thread: 0x0000015ea23678f0
[0x0000015e84d0a1c0] Heap_lock - owner thread: 0x0000015ee919ff60

Heap address: 0x0000000085200000, size: 1966 MB, Compressed Oops mode: 32-bit

CDS archive(s) mapped at: [0x0000015ea3000000-0x0000015ea3bd0000-0x0000015ea3bd0000), size 12386304, SharedBaseAddress: 0x0000015ea3000000, ArchiveRelocationMode: 1.
Compressed class space mapped at: 0x0000015ea4000000-0x0000015ee4000000, reserved size: 1073741824
Narrow klass base: 0x0000015ea3000000, Narrow klass shift: 0, Narrow klass range: 0x100000000

GC Precious Log:
 CPUs: 4 total, 4 available
 Memory: 7861M
 Large Page Support: Disabled
 NUMA Support: Disabled
 Compressed Oops: Enabled (32-bit)
 Heap Region Size: 1M
 Heap Min Capacity: 8M
 Heap Initial Capacity: 124M
 Heap Max Capacity: 1966M
 Pre-touch: Disabled
 Parallel Workers: 4
 Concurrent Workers: 1
 Concurrent Refinement Workers: 4
 Periodic GC: Disabled

Heap:
 garbage-first heap   total 126976K, used 19802K [0x0000000085200000, 0x0000000100000000)
  region size 1024K, 14 young (14336K), 5 survivors (5120K)
 Metaspace       used 18899K, committed 19200K, reserved 1114112K
  class space    used 2612K, committed 2752K, reserved 1048576K

Heap Regions: E=young(eden), S=young(survivor), O=old, HS=humongous(starts), HC=humongous(continues), CS=collection set, F=free, OA=open archive, CA=closed archive, TAMS=top-at-mark-start (previous, next)
|   0|0x0000000085200000, 0x0000000085300000, 0x0000000085300000|100%| O|  |TAMS 0x0000000085200000, 0x0000000085200000| Untracked 
|   1|0x0000000085300000, 0x0000000085400000, 0x0000000085400000|100%| O|  |TAMS 0x0000000085300000, 0x0000000085300000| Untracked 
|   2|0x0000000085400000, 0x0000000085500000, 0x0000000085500000|100%|HS|  |TAMS 0x0000000085400000, 0x0000000085400000| Complete 
|   3|0x0000000085500000, 0x0000000085600000, 0x0000000085600000|100%|HC|  |TAMS 0x0000000085500000, 0x0000000085500000| Complete 
|   4|0x0000000085600000, 0x0000000085700000, 0x0000000085700000|100%| O|  |TAMS 0x0000000085600000, 0x0000000085600000| Untracked 
|   5|0x0000000085700000, 0x0000000085800000, 0x0000000085800000|100%| O|  |TAMS 0x0000000085700000, 0x0000000085700000| Untracked 
|   6|0x0000000085800000, 0x0000000085856800, 0x0000000085900000| 33%| O|  |TAMS 0x0000000085800000, 0x0000000085800000| Untracked 
|   7|0x0000000085900000, 0x0000000085900000, 0x0000000085a00000|  0%| F|  |TAMS 0x0000000085900000, 0x0000000085900000| Untracked 
|   8|0x0000000085a00000, 0x0000000085a00000, 0x0000000085b00000|  0%| F|  |TAMS 0x0000000085a00000, 0x0000000085a00000| Untracked 
|   9|0x0000000085b00000, 0x0000000085b00000, 0x0000000085c00000|  0%| F|  |TAMS 0x0000000085b00000, 0x0000000085b00000| Untracked 
|  10|0x0000000085c00000, 0x0000000085c00000, 0x0000000085d00000|  0%| F|  |TAMS 0x0000000085c00000, 0x0000000085c00000| Untracked 
|  11|0x0000000085d00000, 0x0000000085d00000, 0x0000000085e00000|  0%| F|  |TAMS 0x0000000085d00000, 0x0000000085d00000| Untracked 
|  12|0x0000000085e00000, 0x0000000085e00000, 0x0000000085f00000|  0%| F|  |TAMS 0x0000000085e00000, 0x0000000085e00000| Untracked 
|  13|0x0000000085f00000, 0x0000000085f00000, 0x0000000086000000|  0%| F|  |TAMS 0x0000000085f00000, 0x0000000085f00000| Untracked 
|  14|0x0000000086000000, 0x0000000086000000, 0x0000000086100000|  0%| F|  |TAMS 0x0000000086000000, 0x0000000086000000| Untracked 
|  15|0x0000000086100000, 0x0000000086100000, 0x0000000086200000|  0%| F|  |TAMS 0x0000000086100000, 0x0000000086100000| Untracked 
|  16|0x0000000086200000, 0x0000000086200000, 0x0000000086300000|  0%| F|  |TAMS 0x0000000086200000, 0x0000000086200000| Untracked 
|  17|0x0000000086300000, 0x0000000086300000, 0x0000000086400000|  0%| F|  |TAMS 0x0000000086300000, 0x0000000086300000| Untracked 
|  18|0x0000000086400000, 0x0000000086400000, 0x0000000086500000|  0%| F|  |TAMS 0x0000000086400000, 0x0000000086400000| Untracked 
|  19|0x0000000086500000, 0x0000000086500000, 0x0000000086600000|  0%| F|  |TAMS 0x0000000086500000, 0x0000000086500000| Untracked 
|  20|0x0000000086600000, 0x0000000086600000, 0x0000000086700000|  0%| F|  |TAMS 0x0000000086600000, 0x0000000086600000| Untracked 
|  21|0x0000000086700000, 0x0000000086700000, 0x0000000086800000|  0%| F|  |TAMS 0x0000000086700000, 0x0000000086700000| Untracked 
|  22|0x0000000086800000, 0x0000000086800000, 0x0000000086900000|  0%| F|  |TAMS 0x0000000086800000, 0x0000000086800000| Untracked 
|  23|0x0000000086900000, 0x0000000086900000, 0x0000000086a00000|  0%| F|  |TAMS 0x0000000086900000, 0x0000000086900000| Untracked 
|  24|0x0000000086a00000, 0x0000000086a00000, 0x0000000086b00000|  0%| F|  |TAMS 0x0000000086a00000, 0x0000000086a00000| Untracked 
|  25|0x0000000086b00000, 0x0000000086b00000, 0x0000000086c00000|  0%| F|  |TAMS 0x0000000086b00000, 0x0000000086b00000| Untracked 
|  26|0x0000000086c00000, 0x0000000086c00000, 0x0000000086d00000|  0%| F|  |TAMS 0x0000000086c00000, 0x0000000086c00000| Untracked 
|  27|0x0000000086d00000, 0x0000000086d00000, 0x0000000086e00000|  0%| F|  |TAMS 0x0000000086d00000, 0x0000000086d00000| Untracked 
|  28|0x0000000086e00000, 0x0000000086e00000, 0x0000000086f00000|  0%| F|  |TAMS 0x0000000086e00000, 0x0000000086e00000| Untracked 
|  29|0x0000000086f00000, 0x0000000086f00000, 0x0000000087000000|  0%| F|  |TAMS 0x0000000086f00000, 0x0000000086f00000| Untracked 
|  30|0x0000000087000000, 0x0000000087000000, 0x0000000087100000|  0%| F|  |TAMS 0x0000000087000000, 0x0000000087000000| Untracked 
|  31|0x0000000087100000, 0x0000000087100000, 0x0000000087200000|  0%| F|  |TAMS 0x0000000087100000, 0x0000000087100000| Untracked 
|  32|0x0000000087200000, 0x0000000087200000, 0x0000000087300000|  0%| F|  |TAMS 0x0000000087200000, 0x0000000087200000| Untracked 
|  33|0x0000000087300000, 0x0000000087300000, 0x0000000087400000|  0%| F|  |TAMS 0x0000000087300000, 0x0000000087300000| Untracked 
|  34|0x0000000087400000, 0x0000000087400000, 0x0000000087500000|  0%| F|  |TAMS 0x0000000087400000, 0x0000000087400000| Untracked 
|  35|0x0000000087500000, 0x0000000087500000, 0x0000000087600000|  0%| F|  |TAMS 0x0000000087500000, 0x0000000087500000| Untracked 
|  36|0x0000000087600000, 0x0000000087600000, 0x0000000087700000|  0%| F|  |TAMS 0x0000000087600000, 0x0000000087600000| Untracked 
|  37|0x0000000087700000, 0x0000000087700000, 0x0000000087800000|  0%| F|  |TAMS 0x0000000087700000, 0x0000000087700000| Untracked 
|  38|0x0000000087800000, 0x0000000087800000, 0x0000000087900000|  0%| F|  |TAMS 0x0000000087800000, 0x0000000087800000| Untracked 
|  39|0x0000000087900000, 0x0000000087900000, 0x0000000087a00000|  0%| F|  |TAMS 0x0000000087900000, 0x0000000087900000| Untracked 
|  40|0x0000000087a00000, 0x0000000087a00000, 0x0000000087b00000|  0%| F|  |TAMS 0x0000000087a00000, 0x0000000087a00000| Untracked 
|  41|0x0000000087b00000, 0x0000000087b00000, 0x0000000087c00000|  0%| F|  |TAMS 0x0000000087b00000, 0x0000000087b00000| Untracked 
|  42|0x0000000087c00000, 0x0000000087c00000, 0x0000000087d00000|  0%| F|  |TAMS 0x0000000087c00000, 0x0000000087c00000| Untracked 
|  43|0x0000000087d00000, 0x0000000087d00000, 0x0000000087e00000|  0%| F|  |TAMS 0x0000000087d00000, 0x0000000087d00000| Untracked 
|  44|0x0000000087e00000, 0x0000000087e00000, 0x0000000087f00000|  0%| F|  |TAMS 0x0000000087e00000, 0x0000000087e00000| Untracked 
|  45|0x0000000087f00000, 0x0000000087f00000, 0x0000000088000000|  0%| F|  |TAMS 0x0000000087f00000, 0x0000000087f00000| Untracked 
|  46|0x0000000088000000, 0x0000000088000000, 0x0000000088100000|  0%| F|  |TAMS 0x0000000088000000, 0x0000000088000000| Untracked 
|  47|0x0000000088100000, 0x0000000088100000, 0x0000000088200000|  0%| F|  |TAMS 0x0000000088100000, 0x0000000088100000| Untracked 
|  48|0x0000000088200000, 0x0000000088200000, 0x0000000088300000|  0%| F|  |TAMS 0x0000000088200000, 0x0000000088200000| Untracked 
|  49|0x0000000088300000, 0x0000000088300000, 0x0000000088400000|  0%| F|  |TAMS 0x0000000088300000, 0x0000000088300000| Untracked 
|  50|0x0000000088400000, 0x0000000088400000, 0x0000000088500000|  0%| F|  |TAMS 0x0000000088400000, 0x0000000088400000| Untracked 
|  51|0x0000000088500000, 0x0000000088500000, 0x0000000088600000|  0%| F|  |TAMS 0x0000000088500000, 0x0000000088500000| Untracked 
|  52|0x0000000088600000, 0x0000000088600000, 0x0000000088700000|  0%| F|  |TAMS 0x0000000088600000, 0x0000000088600000| Untracked 
|  53|0x0000000088700000, 0x0000000088700000, 0x0000000088800000|  0%| F|  |TAMS 0x0000000088700000, 0x0000000088700000| Untracked 
|  54|0x0000000088800000, 0x0000000088800000, 0x0000000088900000|  0%| F|  |TAMS 0x0000000088800000, 0x0000000088800000| Untracked 
|  55|0x0000000088900000, 0x0000000088900000, 0x0000000088a00000|  0%| F|  |TAMS 0x0000000088900000, 0x0000000088900000| Untracked 
|  56|0x0000000088a00000, 0x0000000088a00000, 0x0000000088b00000|  0%| F|  |TAMS 0x0000000088a00000, 0x0000000088a00000| Untracked 
|  57|0x0000000088b00000, 0x0000000088b00000, 0x0000000088c00000|  0%| F|  |TAMS 0x0000000088b00000, 0x0000000088b00000| Untracked 
|  58|0x0000000088c00000, 0x0000000088c00000, 0x0000000088d00000|  0%| F|  |TAMS 0x0000000088c00000, 0x0000000088c00000| Untracked 
|  59|0x0000000088d00000, 0x0000000088d00000, 0x0000000088e00000|  0%| F|  |TAMS 0x0000000088d00000, 0x0000000088d00000| Untracked 
|  60|0x0000000088e00000, 0x0000000088e00000, 0x0000000088f00000|  0%| F|  |TAMS 0x0000000088e00000, 0x0000000088e00000| Untracked 
|  61|0x0000000088f00000, 0x0000000088f00000, 0x0000000089000000|  0%| F|  |TAMS 0x0000000088f00000, 0x0000000088f00000| Untracked 
|  62|0x0000000089000000, 0x0000000089000000, 0x0000000089100000|  0%| F|  |TAMS 0x0000000089000000, 0x0000000089000000| Untracked 
|  63|0x0000000089100000, 0x0000000089100000, 0x0000000089200000|  0%| F|  |TAMS 0x0000000089100000, 0x0000000089100000| Untracked 
|  64|0x0000000089200000, 0x0000000089200000, 0x0000000089300000|  0%| F|  |TAMS 0x0000000089200000, 0x0000000089200000| Untracked 
|  65|0x0000000089300000, 0x0000000089300000, 0x0000000089400000|  0%| F|  |TAMS 0x0000000089300000, 0x0000000089300000| Untracked 
|  66|0x0000000089400000, 0x0000000089400000, 0x0000000089500000|  0%| F|  |TAMS 0x0000000089400000, 0x0000000089400000| Untracked 
|  67|0x0000000089500000, 0x0000000089500000, 0x0000000089600000|  0%| F|  |TAMS 0x0000000089500000, 0x0000000089500000| Untracked 
|  68|0x0000000089600000, 0x0000000089600000, 0x0000000089700000|  0%| F|  |TAMS 0x0000000089600000, 0x0000000089600000| Untracked 
|  69|0x0000000089700000, 0x0000000089700000, 0x0000000089800000|  0%| F|  |TAMS 0x0000000089700000, 0x0000000089700000| Untracked 
|  70|0x0000000089800000, 0x0000000089800000, 0x0000000089900000|  0%| F|  |TAMS 0x0000000089800000, 0x0000000089800000| Untracked 
|  71|0x0000000089900000, 0x0000000089900000, 0x0000000089a00000|  0%| F|  |TAMS 0x0000000089900000, 0x0000000089900000| Untracked 
|  72|0x0000000089a00000, 0x0000000089a00000, 0x0000000089b00000|  0%| F|  |TAMS 0x0000000089a00000, 0x0000000089a00000| Untracked 
|  73|0x0000000089b00000, 0x0000000089b00000, 0x0000000089c00000|  0%| F|  |TAMS 0x0000000089b00000, 0x0000000089b00000| Untracked 
|  74|0x0000000089c00000, 0x0000000089c00000, 0x0000000089d00000|  0%| F|  |TAMS 0x0000000089c00000, 0x0000000089c00000| Untracked 
|  75|0x0000000089d00000, 0x0000000089d00000, 0x0000000089e00000|  0%| F|  |TAMS 0x0000000089d00000, 0x0000000089d00000| Untracked 
|  76|0x0000000089e00000, 0x0000000089e00000, 0x0000000089f00000|  0%| F|  |TAMS 0x0000000089e00000, 0x0000000089e00000| Untracked 
|  77|0x0000000089f00000, 0x0000000089f00000, 0x000000008a000000|  0%| F|  |TAMS 0x0000000089f00000, 0x0000000089f00000| Untracked 
|  78|0x000000008a000000, 0x000000008a000000, 0x000000008a100000|  0%| F|  |TAMS 0x000000008a000000, 0x000000008a000000| Untracked 
|  79|0x000000008a100000, 0x000000008a200000, 0x000000008a200000|100%| S|CS|TAMS 0x000000008a100000, 0x000000008a100000| Complete 
|  80|0x000000008a200000, 0x000000008a300000, 0x000000008a300000|100%| S|CS|TAMS 0x000000008a200000, 0x000000008a200000| Complete 
|  81|0x000000008a300000, 0x000000008a400000, 0x000000008a400000|100%| S|CS|TAMS 0x000000008a300000, 0x000000008a300000| Complete 
|  82|0x000000008a400000, 0x000000008a500000, 0x000000008a500000|100%| S|CS|TAMS 0x000000008a400000, 0x000000008a400000| Complete 
|  83|0x000000008a500000, 0x000000008a600000, 0x000000008a600000|100%| S|CS|TAMS 0x000000008a500000, 0x000000008a500000| Complete 
|  84|0x000000008a600000, 0x000000008a600000, 0x000000008a700000|  0%| F|  |TAMS 0x000000008a600000, 0x000000008a600000| Untracked 
|  85|0x000000008a700000, 0x000000008a700000, 0x000000008a800000|  0%| F|  |TAMS 0x000000008a700000, 0x000000008a700000| Untracked 
|  86|0x000000008a800000, 0x000000008a800000, 0x000000008a900000|  0%| F|  |TAMS 0x000000008a800000, 0x000000008a800000| Untracked 
|  87|0x000000008a900000, 0x000000008a900000, 0x000000008aa00000|  0%| F|  |TAMS 0x000000008a900000, 0x000000008a900000| Untracked 
|  88|0x000000008aa00000, 0x000000008aa00000, 0x000000008ab00000|  0%| F|  |TAMS 0x000000008aa00000, 0x000000008aa00000| Untracked 
|  89|0x000000008ab00000, 0x000000008ab00000, 0x000000008ac00000|  0%| F|  |TAMS 0x000000008ab00000, 0x000000008ab00000| Untracked 
|  90|0x000000008ac00000, 0x000000008ac00000, 0x000000008ad00000|  0%| F|  |TAMS 0x000000008ac00000, 0x000000008ac00000| Untracked 
|  91|0x000000008ad00000, 0x000000008ad00000, 0x000000008ae00000|  0%| F|  |TAMS 0x000000008ad00000, 0x000000008ad00000| Untracked 
|  92|0x000000008ae00000, 0x000000008ae00000, 0x000000008af00000|  0%| F|  |TAMS 0x000000008ae00000, 0x000000008ae00000| Untracked 
|  93|0x000000008af00000, 0x000000008af00000, 0x000000008b000000|  0%| F|  |TAMS 0x000000008af00000, 0x000000008af00000| Untracked 
|  94|0x000000008b000000, 0x000000008b000000, 0x000000008b100000|  0%| F|  |TAMS 0x000000008b000000, 0x000000008b000000| Untracked 
|  95|0x000000008b100000, 0x000000008b100000, 0x000000008b200000|  0%| F|  |TAMS 0x000000008b100000, 0x000000008b100000| Untracked 
|  96|0x000000008b200000, 0x000000008b200000, 0x000000008b300000|  0%| F|  |TAMS 0x000000008b200000, 0x000000008b200000| Untracked 
|  97|0x000000008b300000, 0x000000008b300000, 0x000000008b400000|  0%| F|  |TAMS 0x000000008b300000, 0x000000008b300000| Untracked 
|  98|0x000000008b400000, 0x000000008b400000, 0x000000008b500000|  0%| F|  |TAMS 0x000000008b400000, 0x000000008b400000| Untracked 
|  99|0x000000008b500000, 0x000000008b500000, 0x000000008b600000|  0%| F|  |TAMS 0x000000008b500000, 0x000000008b500000| Untracked 
| 100|0x000000008b600000, 0x000000008b600000, 0x000000008b700000|  0%| F|  |TAMS 0x000000008b600000, 0x000000008b600000| Untracked 
| 101|0x000000008b700000, 0x000000008b700000, 0x000000008b800000|  0%| F|  |TAMS 0x000000008b700000, 0x000000008b700000| Untracked 
| 102|0x000000008b800000, 0x000000008b800000, 0x000000008b900000|  0%| F|  |TAMS 0x000000008b800000, 0x000000008b800000| Untracked 
| 103|0x000000008b900000, 0x000000008b900000, 0x000000008ba00000|  0%| F|  |TAMS 0x000000008b900000, 0x000000008b900000| Untracked 
| 104|0x000000008ba00000, 0x000000008ba00000, 0x000000008bb00000|  0%| F|  |TAMS 0x000000008ba00000, 0x000000008ba00000| Untracked 
| 105|0x000000008bb00000, 0x000000008bb00000, 0x000000008bc00000|  0%| F|  |TAMS 0x000000008bb00000, 0x000000008bb00000| Untracked 
| 106|0x000000008bc00000, 0x000000008bc00000, 0x000000008bd00000|  0%| F|  |TAMS 0x000000008bc00000, 0x000000008bc00000| Untracked 
| 107|0x000000008bd00000, 0x000000008bd00000, 0x000000008be00000|  0%| F|  |TAMS 0x000000008bd00000, 0x000000008bd00000| Untracked 
| 108|0x000000008be00000, 0x000000008be00000, 0x000000008bf00000|  0%| F|  |TAMS 0x000000008be00000, 0x000000008be00000| Untracked 
| 109|0x000000008bf00000, 0x000000008bf00000, 0x000000008c000000|  0%| F|  |TAMS 0x000000008bf00000, 0x000000008bf00000| Untracked 
| 110|0x000000008c000000, 0x000000008c000000, 0x000000008c100000|  0%| F|  |TAMS 0x000000008c000000, 0x000000008c000000| Untracked 
| 111|0x000000008c100000, 0x000000008c100000, 0x000000008c200000|  0%| F|  |TAMS 0x000000008c100000, 0x000000008c100000| Untracked 
| 112|0x000000008c200000, 0x000000008c200000, 0x000000008c300000|  0%| F|  |TAMS 0x000000008c200000, 0x000000008c200000| Untracked 
| 113|0x000000008c300000, 0x000000008c300000, 0x000000008c400000|  0%| F|  |TAMS 0x000000008c300000, 0x000000008c300000| Untracked 
| 114|0x000000008c400000, 0x000000008c400000, 0x000000008c500000|  0%| F|  |TAMS 0x000000008c400000, 0x000000008c400000| Untracked 
| 115|0x000000008c500000, 0x000000008c5f1ea8, 0x000000008c600000| 94%| E|  |TAMS 0x000000008c500000, 0x000000008c500000| Complete 
| 116|0x000000008c600000, 0x000000008c700000, 0x000000008c700000|100%| E|CS|TAMS 0x000000008c600000, 0x000000008c600000| Complete 
| 117|0x000000008c700000, 0x000000008c800000, 0x000000008c800000|100%| E|CS|TAMS 0x000000008c700000, 0x000000008c700000| Complete 
| 118|0x000000008c800000, 0x000000008c900000, 0x000000008c900000|100%| E|CS|TAMS 0x000000008c800000, 0x000000008c800000| Complete 
| 119|0x000000008c900000, 0x000000008ca00000, 0x000000008ca00000|100%| E|CS|TAMS 0x000000008c900000, 0x000000008c900000| Complete 
| 120|0x000000008ca00000, 0x000000008cb00000, 0x000000008cb00000|100%| E|CS|TAMS 0x000000008ca00000, 0x000000008ca00000| Complete 
| 121|0x000000008cb00000, 0x000000008cc00000, 0x000000008cc00000|100%| E|CS|TAMS 0x000000008cb00000, 0x000000008cb00000| Complete 
| 122|0x000000008cc00000, 0x000000008cd00000, 0x000000008cd00000|100%| E|CS|TAMS 0x000000008cc00000, 0x000000008cc00000| Complete 
| 123|0x000000008cd00000, 0x000000008ce00000, 0x000000008ce00000|100%| E|CS|TAMS 0x000000008cd00000, 0x000000008cd00000| Complete 

Card table byte_map: [0x0000015e9b9a0000,0x0000015e9bd80000] _byte_map_base: 0x0000015e9b577000

Marking Bits (Prev, Next): (CMBitMap*) 0x0000015e84d672f0, (CMBitMap*) 0x0000015e84d67330
 Prev Bits: [0x0000015e9c160000, 0x0000015e9e018000)
 Next Bits: [0x0000015e9e020000, 0x0000015e9fed8000)

Polling page: 0x0000015e82c30000

Metaspace:

Usage:
  Non-class:     15.91 MB used.
      Class:      2.55 MB used.
       Both:     18.46 MB used.

Virtual space:
  Non-class space:       64.00 MB reserved,      16.06 MB ( 25%) committed,  1 nodes.
      Class space:        1.00 GB reserved,       2.69 MB ( <1%) committed,  1 nodes.
             Both:        1.06 GB reserved,      18.75 MB (  2%) committed. 

Chunk freelists:
   Non-Class:  15.91 MB
       Class:  13.20 MB
        Both:  29.11 MB

MaxMetaspaceSize: unlimited
CompressedClassSpaceSize: 1.00 GB
Initial GC threshold: 21.00 MB
Current GC threshold: 21.00 MB
CDS: on
MetaspaceReclaimPolicy: balanced
 - commit_granule_bytes: 65536.
 - commit_granule_words: 8192.
 - virtual_space_node_default_size: 8388608.
 - enlarge_chunks_in_place: 1.
 - new_chunks_are_fully_committed: 0.
 - uncommit_free_chunks: 1.
 - use_allocation_guard: 0.
 - handle_deallocations: 1.


Internal statistics:

num_allocs_failed_limit: 0.
num_arena_births: 218.
num_arena_deaths: 0.
num_vsnodes_births: 2.
num_vsnodes_deaths: 0.
num_space_committed: 300.
num_space_uncommitted: 0.
num_chunks_returned_to_freelist: 0.
num_chunks_taken_from_freelist: 781.
num_chunk_merges: 0.
num_chunk_splits: 558.
num_chunks_enlarged: 436.
num_purges: 0.
num_inconsistent_stats: 0.

CodeHeap 'non-profiled nmethods': size=120000Kb used=1161Kb max_used=1161Kb free=118838Kb
 bounds [0x0000015e94090000, 0x0000015e94300000, 0x0000015e9b5c0000]
CodeHeap 'profiled nmethods': size=120000Kb used=5732Kb max_used=5732Kb free=114267Kb
 bounds [0x0000015e8c5c0000, 0x0000015e8cb60000, 0x0000015e93af0000]
CodeHeap 'non-nmethods': size=5760Kb used=1438Kb max_used=1480Kb free=4321Kb
 bounds [0x0000015e93af0000, 0x0000015e93d60000, 0x0000015e94090000]
 total_blobs=3720 nmethods=2912 adapters=721
 compilation: enabled
              stopped_count=0, restarted_count=0
 full_count=0

Compilation events (20 events):
Event: 34.362 Thread 0x0000015ea238d890 2904       3       com.sun.javafx.geom.transform.AffineBase::transform (365 bytes)
Event: 34.363 Thread 0x0000015ea238d890 nmethod 2904 0x0000015e8cb4c310 code [0x0000015e8cb4c520, 0x0000015e8cb4cce8]
Event: 34.390 Thread 0x0000015ea23896b0 2905       4       javafx.scene.input.MouseEvent::getEventType (5 bytes)
Event: 34.391 Thread 0x0000015ea23896b0 nmethod 2905 0x0000015e941b2310 code [0x0000015e941b2480, 0x0000015e941b24f8]
Event: 34.406 Thread 0x0000015ea238d890 2906       3       javafx.scene.Scene::pick (149 bytes)
Event: 34.409 Thread 0x0000015ea238d890 nmethod 2906 0x0000015e8cb4cf90 code [0x0000015e8cb4d2a0, 0x0000015e8cb4e598]
Event: 34.409 Thread 0x0000015ea238d890 2907       3       javafx.scene.ParallelCamera::computePickRay (24 bytes)
Event: 34.412 Thread 0x0000015ea238d890 nmethod 2907 0x0000015e8cb4ed90 code [0x0000015e8cb4f0a0, 0x0000015e8cb50698]
Event: 34.412 Thread 0x0000015ea238d890 2908       3       com.sun.javafx.geom.PickRay::set (30 bytes)
Event: 34.412 Thread 0x0000015ea238d890 nmethod 2908 0x0000015e8cb50e10 code [0x0000015e8cb50fc0, 0x0000015e8cb511b8]
Event: 34.422 Thread 0x0000015ea238d890 2909       3       javafx.scene.Scene$MouseHandler::process (793 bytes)
Event: 34.431 Thread 0x0000015ea238d890 nmethod 2909 0x0000015e8cb51310 code [0x0000015e8cb51900, 0x0000015e8cb550b8]
Event: 34.490 Thread 0x0000015ea238d890 2910       3       com.sun.glass.ui.View::notifyMouse (221 bytes)
Event: 34.493 Thread 0x0000015ea238d890 nmethod 2910 0x0000015e8cb55f90 code [0x0000015e8cb56280, 0x0000015e8cb576d8]
Event: 34.493 Thread 0x0000015ea238d890 2911       3       com.sun.glass.ui.Window::handleMouseEvent (26 bytes)
Event: 34.493 Thread 0x0000015ea238d890 nmethod 2911 0x0000015e8cb57d10 code [0x0000015e8cb57ec0, 0x0000015e8cb58068]
Event: 34.493 Thread 0x0000015ea238d890 2912       3       com.sun.javafx.tk.quantum.GlassViewEventHandler::mouseEventType (102 bytes)
Event: 34.493 Thread 0x0000015ea238d890 nmethod 2912 0x0000015e8cb58110 code [0x0000015e8cb58300, 0x0000015e8cb58728]
Event: 35.438 Thread 0x0000015ea238d890 2913       3       java.lang.invoke.DirectMethodHandle::makeAllocator (137 bytes)
Event: 35.438 Thread 0x0000015ea238d890 nmethod 2913 0x0000015e8cb58810 code [0x0000015e8cb58a20, 0x0000015e8cb58e78]

GC Heap History (6 events):
Event: 0.628 GC heap before
{Heap before GC invocations=0 (full 0):
 garbage-first heap   total 126976K, used 12288K [0x0000000085200000, 0x0000000100000000)
  region size 1024K, 13 young (13312K), 0 survivors (0K)
 Metaspace       used 1595K, committed 1664K, reserved 1114112K
  class space    used 162K, committed 192K, reserved 1048576K
}
Event: 0.633 GC heap after
{Heap after GC invocations=1 (full 0):
 garbage-first heap   total 126976K, used 1664K [0x0000000085200000, 0x0000000100000000)
  region size 1024K, 2 young (2048K), 2 survivors (2048K)
 Metaspace       used 1595K, committed 1664K, reserved 1114112K
  class space    used 162K, committed 192K, reserved 1048576K
}
Event: 1.789 GC heap before
{Heap before GC invocations=1 (full 0):
 garbage-first heap   total 126976K, used 20096K [0x0000000085200000, 0x0000000100000000)
  region size 1024K, 20 young (20480K), 2 survivors (2048K)
 Metaspace       used 7509K, committed 7680K, reserved 1114112K
  class space    used 951K, committed 1024K, reserved 1048576K
}
Event: 1.796 GC heap after
{Heap after GC invocations=2 (full 0):
 garbage-first heap   total 126976K, used 4602K [0x0000000085200000, 0x0000000100000000)
  region size 1024K, 3 young (3072K), 3 survivors (3072K)
 Metaspace       used 7509K, committed 7680K, reserved 1114112K
  class space    used 951K, committed 1024K, reserved 1048576K
}
Event: 6.188 GC heap before
{Heap before GC invocations=2 (full 0):
 garbage-first heap   total 126976K, used 44538K [0x0000000085200000, 0x0000000100000000)
  region size 1024K, 40 young (40960K), 3 survivors (3072K)
 Metaspace       used 17780K, committed 18112K, reserved 1114112K
  class space    used 2404K, committed 2560K, reserved 1048576K
}
Event: 6.201 GC heap after
{Heap after GC invocations=3 (full 0):
 garbage-first heap   total 126976K, used 11610K [0x0000000085200000, 0x0000000100000000)
  region size 1024K, 5 young (5120K), 5 survivors (5120K)
 Metaspace       used 17780K, committed 18112K, reserved 1114112K
  class space    used 2404K, committed 2560K, reserved 1048576K
}

Deoptimization events (20 events):
Event: 6.112 Thread 0x0000015ee8ae2850 Uncommon trap: trap_request=0xffffffde fr.pc=0x0000015e941590c4 relative=0x00000000000000a4
Event: 6.112 Thread 0x0000015ee8ae2850 Uncommon trap: reason=class_check action=maybe_recompile pc=0x0000015e941590c4 method=com.sun.javafx.css.StyleMap.isEmpty()Z @ 11 c2
Event: 6.112 Thread 0x0000015ee8ae2850 DEOPT PACKING pc=0x0000015e941590c4 sp=0x0000000bf5df9a00
Event: 6.112 Thread 0x0000015ee8ae2850 DEOPT UNPACKING pc=0x0000015e93b4239d sp=0x0000000bf5df99a0 mode 2
Event: 6.231 Thread 0x0000015ee8ae2850 Uncommon trap: trap_request=0xffffffde fr.pc=0x0000015e9415ea8c relative=0x000000000000488c
Event: 6.231 Thread 0x0000015ee8ae2850 Uncommon trap: reason=class_check action=maybe_recompile pc=0x0000015e9415ea8c method=com.sun.javafx.css.StyleMap.getCascadingStyles()Ljava/util/Map; @ 77 c2
Event: 6.231 Thread 0x0000015ee8ae2850 DEOPT PACKING pc=0x0000015e9415ea8c sp=0x0000000bf5df8cf0
Event: 6.231 Thread 0x0000015ee8ae2850 DEOPT UNPACKING pc=0x0000015e93b4239d sp=0x0000000bf5df8d00 mode 2
Event: 6.239 Thread 0x0000015ee8ae2850 Uncommon trap: trap_request=0xffffffde fr.pc=0x0000015e9415ea8c relative=0x000000000000488c
Event: 6.239 Thread 0x0000015ee8ae2850 Uncommon trap: reason=class_check action=maybe_recompile pc=0x0000015e9415ea8c method=com.sun.javafx.css.StyleMap.getCascadingStyles()Ljava/util/Map; @ 77 c2
Event: 6.239 Thread 0x0000015ee8ae2850 DEOPT PACKING pc=0x0000015e9415ea8c sp=0x0000000bf5df8cf0
Event: 6.239 Thread 0x0000015ee8ae2850 DEOPT UNPACKING pc=0x0000015e93b4239d sp=0x0000000bf5df8d00 mode 2
Event: 6.243 Thread 0x0000015ee8ae2850 Uncommon trap: trap_request=0xffffffde fr.pc=0x0000015e9415ea8c relative=0x000000000000488c
Event: 6.243 Thread 0x0000015ee8ae2850 Uncommon trap: reason=class_check action=maybe_recompile pc=0x0000015e9415ea8c method=com.sun.javafx.css.StyleMap.getCascadingStyles()Ljava/util/Map; @ 77 c2
Event: 6.243 Thread 0x0000015ee8ae2850 DEOPT PACKING pc=0x0000015e9415ea8c sp=0x0000000bf5df8cf0
Event: 6.243 Thread 0x0000015ee8ae2850 DEOPT UNPACKING pc=0x0000015e93b4239d sp=0x0000000bf5df8d00 mode 2
Event: 6.247 Thread 0x0000015ee8ae2850 Uncommon trap: trap_request=0xffffffde fr.pc=0x0000015e9415ea8c relative=0x000000000000488c
Event: 6.247 Thread 0x0000015ee8ae2850 Uncommon trap: reason=class_check action=maybe_recompile pc=0x0000015e9415ea8c method=com.sun.javafx.css.StyleMap.getCascadingStyles()Ljava/util/Map; @ 77 c2
Event: 6.247 Thread 0x0000015ee8ae2850 DEOPT PACKING pc=0x0000015e9415ea8c sp=0x0000000bf5df8cf0
Event: 6.247 Thread 0x0000015ee8ae2850 DEOPT UNPACKING pc=0x0000015e93b4239d sp=0x0000000bf5df8d00 mode 2

Classes unloaded (0 events):
No events

Classes redefined (0 events):
No events

Internal exceptions (20 events):
Event: 2.211 Thread 0x0000015ee8ae2850 Implicit null exception at 0x0000015e94103133 to 0x0000015e94103598
Event: 2.212 Thread 0x0000015ee8ae2850 Implicit null exception at 0x0000015e94103c33 to 0x0000015e941040c4
Event: 2.440 Thread 0x0000015ee8ae2850 Exception <a 'java/lang/NoSuchMethodError'{0x000000008bec6410}: 'java.lang.Object java.lang.invoke.DirectMethodHandle$Holder.invokeInterface(java.lang.Object, java.lang.Object, java.lang.Object)'> (0x000000008bec6410) 
thrown [s\open\src\hotspot\share\interpreter\linkResolver.cpp, line 759]
Event: 2.441 Thread 0x0000015ee8ae2850 Exception <a 'java/lang/IncompatibleClassChangeError'{0x000000008bec9d98}: Found class java.lang.Object, but interface was expected> (0x000000008bec9d98) 
thrown [s\open\src\hotspot\share\interpreter\linkResolver.cpp, line 826]
Event: 2.547 Thread 0x0000015ee8ae2850 Exception <a 'java/lang/NoSuchMethodError'{0x000000008bc42ac8}: 'java.lang.Object java.lang.invoke.DirectMethodHandle$Holder.newInvokeSpecial(java.lang.Object, java.lang.Object, int)'> (0x000000008bc42ac8) 
thrown [s\open\src\hotspot\share\interpreter\linkResolver.cpp, line 759]
Event: 2.582 Thread 0x0000015ee87df610 Exception <a 'java/lang/NoSuchMethodError'{0x000000008bcee270}: 'int java.lang.invoke.DirectMethodHandle$Holder.invokeStaticInit(java.lang.Object, java.lang.Object)'> (0x000000008bcee270) 
thrown [s\open\src\hotspot\share\interpreter\linkResolver.cpp, line 759]
Event: 3.686 Thread 0x0000015ee8ae2850 Exception <a 'java/lang/NoSuchMethodError'{0x000000008b42cae8}: 'long java.lang.invoke.DirectMethodHandle$Holder.invokeStatic(java.lang.Object, java.lang.Object, java.lang.Object)'> (0x000000008b42cae8) 
thrown [s\open\src\hotspot\share\interpreter\linkResolver.cpp, line 759]
Event: 3.687 Thread 0x0000015ee8ae2850 Exception <a 'java/lang/NoSuchMethodError'{0x000000008b430290}: 'long java.lang.invoke.DirectMethodHandle$Holder.invokeStaticInit(java.lang.Object, java.lang.Object, java.lang.Object)'> (0x000000008b430290) 
thrown [s\open\src\hotspot\share\interpreter\linkResolver.cpp, line 759]
Event: 3.693 Thread 0x0000015ee8ae2850 Exception <a 'java/lang/NoSuchMethodError'{0x000000008b447e98}: 'java.lang.Object java.lang.invoke.DirectMethodHandle$Holder.newInvokeSpecial(java.lang.Object, java.lang.Object, long)'> (0x000000008b447e98) 
thrown [s\open\src\hotspot\share\interpreter\linkResolver.cpp, line 759]
Event: 3.694 Thread 0x0000015ee8ae2850 Exception <a 'java/lang/NoSuchMethodError'{0x000000008b44c008}: 'java.lang.Object java.lang.invoke.Invokers$Holder.linkToTargetMethod(java.lang.Object, long, java.lang.Object)'> (0x000000008b44c008) 
thrown [s\open\src\hotspot\share\interpreter\linkResolver.cpp, line 759]
Event: 5.366 Thread 0x0000015ee8ae2850 Exception <a 'sun/nio/fs/WindowsException'{0x000000008b1bf1b8}> (0x000000008b1bf1b8) 
thrown [s\open\src\hotspot\share\prims\jni.cpp, line 516]
Event: 5.439 Thread 0x0000015ee8ae2850 Exception <a 'java/lang/NoSuchMethodError'{0x000000008af0e7a0}: 'int java.lang.invoke.DirectMethodHandle$Holder.invokeSpecial(java.lang.Object, java.lang.Object, java.lang.Object)'> (0x000000008af0e7a0) 
thrown [s\open\src\hotspot\share\interpreter\linkResolver.cpp, line 759]
Event: 5.522 Thread 0x0000015ee8ae2850 Exception <a 'java/lang/NoSuchMethodError'{0x000000008afc4500}: 'java.lang.Object java.lang.invoke.DirectMethodHandle$Holder.invokeStaticInit(java.lang.Object, int, int, int, int)'> (0x000000008afc4500) 
thrown [s\open\src\hotspot\share\interpreter\linkResolver.cpp, line 759]
Event: 5.588 Thread 0x0000015ee8ae2850 Exception <a 'java/lang/NoSuchMethodError'{0x000000008aff5948}: 'java.lang.Object java.lang.invoke.DirectMethodHandle$Holder.invokeStaticInit(java.lang.Object, java.lang.Object, int, int, int, int)'> (0x000000008aff5948) 
thrown [s\open\src\hotspot\share\interpreter\linkResolver.cpp, line 759]
Event: 5.659 Thread 0x0000015ee8ae2850 Exception <a 'sun/nio/fs/WindowsException'{0x000000008ad6bef0}> (0x000000008ad6bef0) 
thrown [s\open\src\hotspot\share\prims\jni.cpp, line 516]
Event: 5.671 Thread 0x0000015ee8ae2850 Exception <a 'sun/nio/fs/WindowsException'{0x000000008ad80498}> (0x000000008ad80498) 
thrown [s\open\src\hotspot\share\prims\jni.cpp, line 516]
Event: 5.799 Thread 0x0000015ee8ae2850 Implicit null exception at 0x0000015e941753d6 to 0x0000015e94175c38
Event: 6.051 Thread 0x0000015ee8ae2850 Exception <a 'java/lang/ClassNotFoundException'{0x000000008a9f55a8}: com/sun/javafx/scene/control/skin/resources/controls> (0x000000008a9f55a8) 
thrown [s\open\src\hotspot\share\prims\jni.cpp, line 535]
Event: 6.053 Thread 0x0000015ee8ae2850 Exception <a 'java/lang/ClassNotFoundException'{0x000000008a8041e8}: com/sun/javafx/scene/control/skin/resources/controls_ru> (0x000000008a8041e8) 
thrown [s\open\src\hotspot\share\prims\jni.cpp, line 535]
Event: 6.053 Thread 0x0000015ee8ae2850 Exception <a 'java/lang/ClassNotFoundException'{0x000000008a805a18}: com/sun/javafx/scene/control/skin/resources/controls_ru_RU> (0x000000008a805a18) 
thrown [s\open\src\hotspot\share\prims\jni.cpp, line 535]

VM Operations (20 events):
Event: 5.536 Executing VM operation: HandshakeAllThreads done
Event: 5.621 Executing VM operation: HandshakeAllThreads
Event: 5.622 Executing VM operation: HandshakeAllThreads done
Event: 5.622 Executing VM operation: Cleanup
Event: 5.622 Executing VM operation: Cleanup done
Event: 5.674 Executing VM operation: HandshakeAllThreads
Event: 5.674 Executing VM operation: HandshakeAllThreads done
Event: 5.831 Executing VM operation: HandshakeAllThreads
Event: 5.831 Executing VM operation: HandshakeAllThreads done
Event: 5.831 Executing VM operation: HandshakeAllThreads
Event: 5.832 Executing VM operation: HandshakeAllThreads done
Event: 6.188 Executing VM operation: G1CollectForAllocation
Event: 6.201 Executing VM operation: G1CollectForAllocation done
Event: 6.663 Executing VM operation: ICBufferFull
Event: 6.663 Executing VM operation: ICBufferFull done
Event: 8.664 Executing VM operation: Cleanup
Event: 8.664 Executing VM operation: Cleanup done
Event: 33.668 Executing VM operation: Cleanup
Event: 33.668 Executing VM operation: Cleanup done
Event: 35.439 Executing VM operation: Exit

Events (20 events):
Event: 5.965 loading class java/util/TimerTask done
Event: 5.970 loading class java/util/concurrent/atomic/AtomicReferenceFieldUpdater
Event: 5.970 loading class java/util/concurrent/atomic/AtomicReferenceFieldUpdater done
Event: 5.970 loading class java/util/concurrent/atomic/AtomicReferenceFieldUpdater$AtomicReferenceFieldUpdaterImpl
Event: 5.970 loading class java/util/concurrent/atomic/AtomicReferenceFieldUpdater$AtomicReferenceFieldUpdaterImpl done
Event: 5.970 loading class java/util/concurrent/atomic/AtomicReferenceFieldUpdater$AtomicReferenceFieldUpdaterImpl$1
Event: 5.971 loading class java/util/concurrent/atomic/AtomicReferenceFieldUpdater$AtomicReferenceFieldUpdaterImpl$1 done
Event: 5.972 loading class sun/reflect/misc/ReflectUtil
Event: 5.972 loading class sun/reflect/misc/ReflectUtil done
Event: 5.982 loading class java/net/UnknownHostException
Event: 5.982 loading class java/net/UnknownHostException done
Event: 8.292 Thread 0x0000015ee90384d0 Thread exited: 0x0000015ee90384d0
Event: 35.433 loading class jdk/internal/misc/Signal$1
Event: 35.434 loading class jdk/internal/misc/Signal$1 done
Event: 35.434 Thread 0x0000015ee919ff60 Thread added: 0x0000015ee919ff60
Event: 35.435 Thread 0x0000015ee919d410 Thread added: 0x0000015ee919d410
Event: 35.435 Thread 0x0000015ee919cf40 Thread added: 0x0000015ee919cf40
Event: 35.437 Thread 0x0000015ee919d410 Thread exited: 0x0000015ee919d410
Event: 35.439 Thread 0x0000015ea2386fd0 Thread exited: 0x0000015ea2386fd0
Event: 35.439 Thread 0x0000015ee919cf40 Thread exited: 0x0000015ee919cf40


Dynamic libraries:
0x00007ff7c4400000 - 0x00007ff7c4410000 	C:\Program Files\Java\jdk-17\bin\java.exe
0x00007ffb17570000 - 0x00007ffb17768000 	C:\Windows\SYSTEM32\ntdll.dll
0x00007ffb17380000 - 0x00007ffb1743f000 	C:\Windows\System32\KERNEL32.DLL
0x00007ffb15140000 - 0x00007ffb15436000 	C:\Windows\System32\KERNELBASE.dll
0x00007ffb14d20000 - 0x00007ffb14e20000 	C:\Windows\System32\ucrtbase.dll
0x00007ffb05650000 - 0x00007ffb05669000 	C:\Program Files\Java\jdk-17\bin\jli.dll
0x00007ffb16f60000 - 0x00007ffb1700f000 	C:\Windows\System32\ADVAPI32.dll
0x00007ffb156b0000 - 0x00007ffb1574e000 	C:\Windows\System32\msvcrt.dll
0x00007ffb16200000 - 0x00007ffb1629c000 	C:\Windows\System32\sechost.dll
0x00007ffb17010000 - 0x00007ffb17136000 	C:\Windows\System32\RPCRT4.dll
0x00007ffb16060000 - 0x00007ffb161fd000 	C:\Windows\System32\USER32.dll
0x00007ffb14c50000 - 0x00007ffb14c72000 	C:\Windows\System32\win32u.dll
0x00007ffb162a0000 - 0x00007ffb162cc000 	C:\Windows\System32\GDI32.dll
0x00007ffb15020000 - 0x00007ffb15135000 	C:\Windows\System32\gdi32full.dll
0x00007ffb14f80000 - 0x00007ffb1501d000 	C:\Windows\System32\msvcp_win.dll
0x00007ffab3150000 - 0x00007ffab316b000 	C:\Program Files\Java\jdk-17\bin\VCRUNTIME140.dll
0x00007ffb0d720000 - 0x00007ffb0d9ba000 	C:\Windows\WinSxS\amd64_microsoft.windows.common-controls_6595b64144ccf1df_6.0.19041.1110_none_60b5254171f9507e\COMCTL32.dll
0x00007ffb0df10000 - 0x00007ffb0df1a000 	C:\Windows\SYSTEM32\VERSION.dll
0x00007ffb17270000 - 0x00007ffb172a0000 	C:\Windows\System32\IMM32.DLL
0x00007ffb05640000 - 0x00007ffb0564c000 	C:\Program Files\Java\jdk-17\bin\vcruntime140_1.dll
0x00007ffab30c0000 - 0x00007ffab314e000 	C:\Program Files\Java\jdk-17\bin\msvcp140.dll
0x00007ffab24e0000 - 0x00007ffab30be000 	C:\Program Files\Java\jdk-17\bin\server\jvm.dll
0x00007ffb155d0000 - 0x00007ffb155d8000 	C:\Windows\System32\PSAPI.DLL
0x00007ffb04c90000 - 0x00007ffb04c99000 	C:\Windows\SYSTEM32\WSOCK32.dll
0x00007ffb172b0000 - 0x00007ffb1731b000 	C:\Windows\System32\WS2_32.dll
0x00007ffb0df70000 - 0x00007ffb0df97000 	C:\Windows\SYSTEM32\WINMM.dll
0x00007ffb12a20000 - 0x00007ffb12a32000 	C:\Windows\SYSTEM32\kernel.appcore.dll
0x00007ffb03b10000 - 0x00007ffb03b1a000 	C:\Program Files\Java\jdk-17\bin\jimage.dll
0x00007ffb05820000 - 0x00007ffb05a04000 	C:\Windows\SYSTEM32\DBGHELP.DLL
0x00007ffb04bd0000 - 0x00007ffb04c04000 	C:\Windows\SYSTEM32\dbgcore.DLL
0x00007ffb15540000 - 0x00007ffb155c2000 	C:\Windows\System32\bcryptPrimitives.dll
0x00007ffb01c90000 - 0x00007ffb01c9e000 	C:\Program Files\Java\jdk-17\bin\instrument.dll
0x00007ffab24b0000 - 0x00007ffab24d5000 	C:\Program Files\Java\jdk-17\bin\java.dll
0x00007ffab23d0000 - 0x00007ffab24a7000 	C:\Program Files\Java\jdk-17\bin\jsvml.dll
0x00007ffb15750000 - 0x00007ffb15e94000 	C:\Windows\System32\SHELL32.dll
0x00007ffb12d00000 - 0x00007ffb13494000 	C:\Windows\SYSTEM32\windows.storage.dll
0x00007ffb16350000 - 0x00007ffb166a4000 	C:\Windows\System32\combase.dll
0x00007ffb14690000 - 0x00007ffb146be000 	C:\Windows\SYSTEM32\Wldp.dll
0x00007ffb16910000 - 0x00007ffb169bd000 	C:\Windows\System32\SHCORE.dll
0x00007ffb17320000 - 0x00007ffb17375000 	C:\Windows\System32\shlwapi.dll
0x00007ffb14b80000 - 0x00007ffb14ba5000 	C:\Windows\SYSTEM32\profapi.dll
0x00007ffab23b0000 - 0x00007ffab23c9000 	C:\Program Files\Java\jdk-17\bin\net.dll
0x00007ffb0cc30000 - 0x00007ffb0cd3a000 	C:\Windows\SYSTEM32\WINHTTP.dll
0x00007ffb143f0000 - 0x00007ffb1445a000 	C:\Windows\system32\mswsock.dll
0x00007ffab2390000 - 0x00007ffab23a6000 	C:\Program Files\Java\jdk-17\bin\nio.dll
0x00007ffab2370000 - 0x00007ffab2388000 	C:\Program Files\Java\jdk-17\bin\zip.dll
0x00007ffaf8120000 - 0x00007ffaf813a000 	C:\Program Files\JetBrains\IntelliJ IDEA Community Edition 2022.3.1\bin\breakgen64.dll
0x0000015e84ca0000 - 0x0000015e84ca3000 	C:\Users\mdv\.openjfx\cache\17.0.2-ea\api-ms-win-core-console-l1-1-0.dll
0x0000015e84cb0000 - 0x0000015e84cb3000 	C:\Users\mdv\.openjfx\cache\17.0.2-ea\api-ms-win-core-console-l1-2-0.dll
0x0000015e84cc0000 - 0x0000015e84cc3000 	C:\Users\mdv\.openjfx\cache\17.0.2-ea\api-ms-win-core-datetime-l1-1-0.dll
0x0000015e84cd0000 - 0x0000015e84cd3000 	C:\Users\mdv\.openjfx\cache\17.0.2-ea\api-ms-win-core-debug-l1-1-0.dll
0x0000015e84ce0000 - 0x0000015e84ce3000 	C:\Users\mdv\.openjfx\cache\17.0.2-ea\api-ms-win-core-errorhandling-l1-1-0.dll
0x0000015ea2930000 - 0x0000015ea2934000 	C:\Users\mdv\.openjfx\cache\17.0.2-ea\api-ms-win-core-file-l1-1-0.dll
0x0000015ea2940000 - 0x0000015ea2943000 	C:\Users\mdv\.openjfx\cache\17.0.2-ea\api-ms-win-core-file-l1-2-0.dll
0x0000015ea2950000 - 0x0000015ea2953000 	C:\Users\mdv\.openjfx\cache\17.0.2-ea\api-ms-win-core-file-l2-1-0.dll
0x0000015ea2960000 - 0x0000015ea2963000 	C:\Users\mdv\.openjfx\cache\17.0.2-ea\api-ms-win-core-handle-l1-1-0.dll
0x0000015ea2970000 - 0x0000015ea2973000 	C:\Users\mdv\.openjfx\cache\17.0.2-ea\api-ms-win-core-heap-l1-1-0.dll
0x0000015ea2980000 - 0x0000015ea2983000 	C:\Users\mdv\.openjfx\cache\17.0.2-ea\api-ms-win-core-interlocked-l1-1-0.dll
0x0000015ea2ac0000 - 0x0000015ea2ac3000 	C:\Users\mdv\.openjfx\cache\17.0.2-ea\api-ms-win-core-libraryloader-l1-1-0.dll
0x0000015ea2ad0000 - 0x0000015ea2ad3000 	C:\Users\mdv\.openjfx\cache\17.0.2-ea\api-ms-win-core-localization-l1-2-0.dll
0x0000015ea2ae0000 - 0x0000015ea2ae3000 	C:\Users\mdv\.openjfx\cache\17.0.2-ea\api-ms-win-core-memory-l1-1-0.dll
0x0000015ea2af0000 - 0x0000015ea2af3000 	C:\Users\mdv\.openjfx\cache\17.0.2-ea\api-ms-win-core-namedpipe-l1-1-0.dll
0x0000015ea2b00000 - 0x0000015ea2b03000 	C:\Users\mdv\.openjfx\cache\17.0.2-ea\api-ms-win-core-processenvironment-l1-1-0.dll
0x0000015ea2b10000 - 0x0000015ea2b13000 	C:\Users\mdv\.openjfx\cache\17.0.2-ea\api-ms-win-core-processthreads-l1-1-0.dll
0x0000015ea2b20000 - 0x0000015ea2b23000 	C:\Users\mdv\.openjfx\cache\17.0.2-ea\api-ms-win-core-processthreads-l1-1-1.dll
0x0000015ea2aa0000 - 0x0000015ea2aa3000 	C:\Users\mdv\.openjfx\cache\17.0.2-ea\api-ms-win-core-profile-l1-1-0.dll
0x0000015ea2ab0000 - 0x0000015ea2ab3000 	C:\Users\mdv\.openjfx\cache\17.0.2-ea\api-ms-win-core-rtlsupport-l1-1-0.dll
0x0000015ea2c60000 - 0x0000015ea2c63000 	C:\Users\mdv\.openjfx\cache\17.0.2-ea\api-ms-win-core-string-l1-1-0.dll
0x0000015ea2c70000 - 0x0000015ea2c73000 	C:\Users\mdv\.openjfx\cache\17.0.2-ea\api-ms-win-core-synch-l1-1-0.dll
0x0000015ea2c80000 - 0x0000015ea2c83000 	C:\Users\mdv\.openjfx\cache\17.0.2-ea\api-ms-win-core-synch-l1-2-0.dll
0x0000015ea2c90000 - 0x0000015ea2c93000 	C:\Users\mdv\.openjfx\cache\17.0.2-ea\api-ms-win-core-sysinfo-l1-1-0.dll
0x0000015ea2ca0000 - 0x0000015ea2ca3000 	C:\Users\mdv\.openjfx\cache\17.0.2-ea\api-ms-win-core-timezone-l1-1-0.dll
0x0000015ea2990000 - 0x0000015ea2993000 	C:\Users\mdv\.openjfx\cache\17.0.2-ea\api-ms-win-core-util-l1-1-0.dll
0x0000015ea29a0000 - 0x0000015ea29a3000 	C:\Users\mdv\.openjfx\cache\17.0.2-ea\api-ms-win-crt-conio-l1-1-0.dll
0x0000015ea29b0000 - 0x0000015ea29b4000 	C:\Users\mdv\.openjfx\cache\17.0.2-ea\api-ms-win-crt-convert-l1-1-0.dll
0x0000015ea29c0000 - 0x0000015ea29c3000 	C:\Users\mdv\.openjfx\cache\17.0.2-ea\api-ms-win-crt-environment-l1-1-0.dll
0x0000015ea29d0000 - 0x0000015ea29d3000 	C:\Users\mdv\.openjfx\cache\17.0.2-ea\api-ms-win-crt-filesystem-l1-1-0.dll
0x0000015ea29e0000 - 0x0000015ea29e3000 	C:\Users\mdv\.openjfx\cache\17.0.2-ea\api-ms-win-crt-heap-l1-1-0.dll
0x0000015ea29f0000 - 0x0000015ea29f3000 	C:\Users\mdv\.openjfx\cache\17.0.2-ea\api-ms-win-crt-locale-l1-1-0.dll
0x0000015ea2a00000 - 0x0000015ea2a05000 	C:\Users\mdv\.openjfx\cache\17.0.2-ea\api-ms-win-crt-math-l1-1-0.dll
0x0000015ea2a10000 - 0x0000015ea2a15000 	C:\Users\mdv\.openjfx\cache\17.0.2-ea\api-ms-win-crt-multibyte-l1-1-0.dll
0x0000015ea2a20000 - 0x0000015ea2a30000 	C:\Users\mdv\.openjfx\cache\17.0.2-ea\api-ms-win-crt-private-l1-1-0.dll
0x0000015ea2a30000 - 0x0000015ea2a33000 	C:\Users\mdv\.openjfx\cache\17.0.2-ea\api-ms-win-crt-process-l1-1-0.dll
0x0000015ea2a40000 - 0x0000015ea2a44000 	C:\Users\mdv\.openjfx\cache\17.0.2-ea\api-ms-win-crt-runtime-l1-1-0.dll
0x0000015ea2a50000 - 0x0000015ea2a54000 	C:\Users\mdv\.openjfx\cache\17.0.2-ea\api-ms-win-crt-stdio-l1-1-0.dll
0x0000015ea2a60000 - 0x0000015ea2a64000 	C:\Users\mdv\.openjfx\cache\17.0.2-ea\api-ms-win-crt-string-l1-1-0.dll
0x0000015ea2a70000 - 0x0000015ea2a73000 	C:\Users\mdv\.openjfx\cache\17.0.2-ea\api-ms-win-crt-time-l1-1-0.dll
0x0000015ea2a80000 - 0x0000015ea2a83000 	C:\Users\mdv\.openjfx\cache\17.0.2-ea\api-ms-win-crt-utility-l1-1-0.dll
0x00007ffaf4fc0000 - 0x00007ffaf50bc000 	C:\Users\mdv\.openjfx\cache\17.0.2-ea\ucrtbase.dll
0x00007ffaf80f0000 - 0x00007ffaf810a000 	C:\Users\mdv\.openjfx\cache\17.0.2-ea\vcruntime140.dll
0x00007ffaf80e0000 - 0x00007ffaf80ec000 	C:\Users\mdv\.openjfx\cache\17.0.2-ea\vcruntime140_1.dll
0x00007ffaf8050000 - 0x00007ffaf80dd000 	C:\Users\mdv\.openjfx\cache\17.0.2-ea\msvcp140.dll
0x00007ffaf8020000 - 0x00007ffaf804a000 	C:\Users\mdv\.openjfx\cache\17.0.2-ea\prism_d3d.dll
0x00007ffacac40000 - 0x00007ffacae0d000 	C:\Windows\system32\d3d9.dll
0x00007ffb129f0000 - 0x00007ffb12a1f000 	C:\Windows\SYSTEM32\dwmapi.dll
0x00007ffb125e0000 - 0x00007ffb1267e000 	C:\Windows\system32\uxtheme.dll
0x00007ffab1710000 - 0x00007ffab205e000 	C:\Windows\SYSTEM32\nvd3dumx.dll
0x00007ffaf7e50000 - 0x00007ffaf7e92000 	C:\Users\mdv\.openjfx\cache\17.0.2-ea\glass.dll
0x00007ffb167d0000 - 0x00007ffb168aa000 	C:\Windows\System32\COMDLG32.dll
0x00007ffb169c0000 - 0x00007ffb16aea000 	C:\Windows\System32\ole32.dll
0x00007ffb155e0000 - 0x00007ffb156ad000 	C:\Windows\System32\OLEAUT32.dll
0x00007ffb166b0000 - 0x00007ffb167c4000 	C:\Windows\System32\MSCTF.dll
0x00007ffb14200000 - 0x00007ffb1424b000 	C:\Windows\SYSTEM32\powrprof.dll
0x00007ffb14070000 - 0x00007ffb14082000 	C:\Windows\SYSTEM32\UMPDC.dll
0x00007ffaf4fa0000 - 0x00007ffaf4fb4000 	C:\Users\mdv\.openjfx\cache\17.0.2-ea\javafx_font.dll
0x00007ffafb610000 - 0x00007ffafb88f000 	C:\Windows\SYSTEM32\dwrite.dll
0x00007ffb171c0000 - 0x00007ffb17269000 	C:\Windows\System32\clbcatq.dll
0x00007ffb0bd00000 - 0x00007ffb0beb4000 	C:\Windows\SYSTEM32\WindowsCodecs.dll
0x00007ffb14c80000 - 0x00007ffb14ca7000 	C:\Windows\System32\bcrypt.dll
0x00007ffafaf80000 - 0x00007ffafafbe000 	C:\Windows\system32\dataexchange.dll
0x00007ffb10860000 - 0x00007ffb10ac3000 	C:\Windows\system32\d3d11.dll
0x00007ffb10d30000 - 0x00007ffb10f13000 	C:\Windows\system32\dcomp.dll
0x00007ffb13500000 - 0x00007ffb135f3000 	C:\Windows\system32\dxgi.dll
0x00007ffb0eab0000 - 0x00007ffb0ecb7000 	C:\Windows\system32\twinapi.appcore.dll
0x00007ffaf4f60000 - 0x00007ffaf4f94000 	C:\Program Files\Common Files\Microsoft Shared\Ink\rtscom.dll
0x00007ffb013a0000 - 0x00007ffb01499000 	C:\Windows\SYSTEM32\textinputframework.dll
0x00007ffb11a50000 - 0x00007ffb11dae000 	C:\Windows\System32\CoreUIComponents.dll
0x00007ffb11de0000 - 0x00007ffb11ed2000 	C:\Windows\System32\CoreMessaging.dll
0x00007ffb13dc0000 - 0x00007ffb13df3000 	C:\Windows\SYSTEM32\ntmarta.dll
0x00007ffb0fa90000 - 0x00007ffb0fbe4000 	C:\Windows\SYSTEM32\wintypes.dll
0x00007ffb140e0000 - 0x00007ffb141aa000 	C:\Windows\SYSTEM32\DNSAPI.dll
0x00007ffb14090000 - 0x00007ffb140cc000 	C:\Windows\SYSTEM32\IPHLPAPI.DLL
0x00007ffb16050000 - 0x00007ffb16058000 	C:\Windows\System32\NSI.dll
0x00007ffb0a5c0000 - 0x00007ffb0a5ca000 	C:\Windows\System32\rasadhlp.dll
0x00007ffb0a880000 - 0x00007ffb0a902000 	C:\Windows\System32\fwpuclnt.dll
0x00007ffaf7eb0000 - 0x00007ffaf7eba000 	C:\Program Files\Java\jdk-17\bin\management.dll
0x00007ffaf7ea0000 - 0x00007ffaf7eab000 	C:\Program Files\Java\jdk-17\bin\management_ext.dll
0x00007ffb145e0000 - 0x00007ffb145f8000 	C:\Windows\SYSTEM32\CRYPTSP.dll

dbghelp: loaded successfully - version: 4.0.5 - missing functions: none
symbol engine: initialized successfully - sym options: 0x614 - pdb path: .;C:\Program Files\Java\jdk-17\bin;C:\Windows\SYSTEM32;C:\Windows\WinSxS\amd64_microsoft.windows.common-controls_6595b64144ccf1df_6.0.19041.1110_none_60b5254171f9507e;C:\Program Files\Java\jdk-17\bin\server;C:\Program Files\JetBrains\IntelliJ IDEA Community Edition 2022.3.1\bin;C:\Users\mdv\.openjfx\cache\17.0.2-ea;C:\Program Files\Common Files\Microsoft Shared\Ink

VM Arguments:
jvm_args: -javaagent:C:\Program Files\JetBrains\IntelliJ IDEA Community Edition 2022.3.1\lib\idea_rt.jar=57999:C:\Program Files\JetBrains\IntelliJ IDEA Community Edition 2022.3.1\bin -Dfile.encoding=UTF-8 --module-path=C:\Users\mdv\.m2\repository\org\openjfx\javafx-controls\17.0.2\javafx-controls-17.0.2-win.jar;C:\Tools\javafx-sdk-20\lib\javafx.controls.jar;C:\Users\mdv\.m2\repository\org\openjfx\javafx-base\17.0.2\javafx-base-17.0.2-win.jar;C:\Tools\javafx-sdk-20\lib\javafx.base.jar;C:\projects\demo\target\classes;C:\Users\mdv\.m2\repository\org\postgresql\postgresql\42.2.27\postgresql-42.2.27.jar;C:\Users\mdv\.m2\repository\org\openjfx\javafx-graphics\17.0.2\javafx-graphics-17.0.2-win.jar;C:\Tools\javafx-sdk-20\lib\javafx.graphics.jar;C:\Users\mdv\.m2\repository\org\jsoup\jsoup\1.15.3\jsoup-1.15.3.jar;C:\Users\mdv\.m2\repository\org\openjfx\javafx-fxml\17.0.2\javafx-fxml-17.0.2-win.jar;C:\Tools\javafx-sdk-20\lib\javafx.fxml.jar -Djdk.module.main=com.example.demo 
java_command: com.example.demo/com.example.demo.HelloApplication
java_class_path (initial): C:\Users\mdv\.m2\repository\org\openjfx\javafx-controls\17.0.2\javafx-controls-17.0.2.jar;C:\Users\mdv\.m2\repository\org\openjfx\javafx-graphics\17.0.2\javafx-graphics-17.0.2.jar;C:\Users\mdv\.m2\repository\org\openjfx\javafx-base\17.0.2\javafx-base-17.0.2.jar;C:\Users\mdv\.m2\repository\org\openjfx\javafx-fxml\17.0.2\javafx-fxml-17.0.2.jar;C:\Users\mdv\.m2\repository\org\checkerframework\checker-qual\3.5.0\checker-qual-3.5.0.jar;C:\Tools\javafx-sdk-20\lib\javafx-swt.jar;C:\Tools\javafx-sdk-20\lib\javafx.web.jar;C:\Tools\javafx-sdk-20\lib\javafx.media.jar;C:\Tools\javafx-sdk-20\lib\javafx.swing.jar
Launcher Type: SUN_STANDARD

[Global flags]
     intx CICompilerCount                          = 3                                         {product} {ergonomic}
     uint ConcGCThreads                            = 1                                         {product} {ergonomic}
     uint G1ConcRefinementThreads                  = 4                                         {product} {ergonomic}
   size_t G1HeapRegionSize                         = 1048576                                   {product} {ergonomic}
    uintx GCDrainStackTargetSize                   = 64                                        {product} {ergonomic}
   size_t InitialHeapSize                          = 130023424                                 {product} {ergonomic}
   size_t MarkStackSize                            = 4194304                                   {product} {ergonomic}
   size_t MaxHeapSize                              = 2061500416                                {product} {ergonomic}
   size_t MaxNewSize                               = 1236271104                                {product} {ergonomic}
   size_t MinHeapDeltaBytes                        = 1048576                                   {product} {ergonomic}
   size_t MinHeapSize                              = 8388608                                   {product} {ergonomic}
    uintx NonNMethodCodeHeapSize                   = 5832780                                {pd product} {ergonomic}
    uintx NonProfiledCodeHeapSize                  = 122912730                              {pd product} {ergonomic}
    uintx ProfiledCodeHeapSize                     = 122912730                              {pd product} {ergonomic}
    uintx ReservedCodeCacheSize                    = 251658240                              {pd product} {ergonomic}
     bool SegmentedCodeCache                       = true                                      {product} {ergonomic}
   size_t SoftMaxHeapSize                          = 2061500416                             {manageable} {ergonomic}
     bool UseCompressedClassPointers               = true                           {product lp64_product} {ergonomic}
     bool UseCompressedOops                        = true                           {product lp64_product} {ergonomic}
     bool UseG1GC                                  = true                                      {product} {ergonomic}
     bool UseLargePagesIndividualAllocation        = false                                  {pd product} {ergonomic}

Logging:
Log output configuration:
 #0: stdout all=off uptime,level,tags
 #1: stderr all=off uptime,level,tags

Environment Variables:
JAVA_HOME=C:\Program Files\Java\jdk-17
PATH=C:\Program Files\Common Files\Oracle\Java\javapath;C:\Windows\system32;C:\Windows;C:\Windows\System32\Wbem;C:\Windows\System32\WindowsPowerShell\v1.0\;C:\Windows\System32\OpenSSH\;C:\Program Files\PuTTY\;C:\Program Files\Git\cmd;C:\Program Files\Java\jdk-17\bin;C:\Tools\apache-maven-3.8.7\bin;C:\Users\mdv\AppData\Local\Microsoft\WindowsApps;";C:\Program Files\Java\jdk-17\bin;C:\Tools\apache-maven-3.8.7\bin;";
USERNAME=mdv
OS=Windows_NT
PROCESSOR_IDENTIFIER=Intel64 Family 6 Model 37 Stepping 5, GenuineIntel



---------------  S Y S T E M  ---------------

OS:
 Windows 10 , 64 bit Build 19041 (10.0.19041.3155)
OS uptime: 0 days 0:06 hours

CPU: total 4 (initial active 4) (2 cores per cpu, 2 threads per core) family 6 model 37 stepping 5 microcode 0x7, cx8, cmov, fxsr, ht, mmx, sse, sse2, sse3, ssse3, sse4.1, sse4.2, popcnt, tsc, tscinvbit, aes, clmul, clflush

Memory: 4k page, system-wide physical 7861M (3093M free)
TotalPageFile size 9077M (AvailPageFile size 3551M)
current process WorkingSet (physical memory assigned to process): 146M, peak: 171M
current process commit charge ("private bytes"): 267M, peak: 295M

vm_info: Java HotSpot(TM) 64-Bit Server VM (17.0.8+9-LTS-211) for windows-amd64 JRE (17.0.8+9-LTS-211), built on Jun 14 2023 10:34:31 by "mach5one" with MS VC++ 17.1 (VS2022)

END.
