#
# A fatal error has been detected by the Java Runtime Environment:
#
#  EXCEPTION_ACCESS_VIOLATION (0xc0000005) at pc=0x00007ffab4a26ab7, pid=3124, tid=7640
#
# JRE version: Java(TM) SE Runtime Environment (17.0.8+9) (build 17.0.8+9-LTS-211)
# Java VM: Java HotSpot(TM) 64-Bit Server VM (17.0.8+9-LTS-211, mixed mode, sharing, tiered, compressed oops, compressed class ptrs, g1 gc, windows-amd64)
# Problematic frame:
# C  [glass.dll+0x26ab7]
#
# No core dump will be written. Minidumps are not enabled by default on client versions of Windows
#
# If you would like to submit a bug report, please visit:
#   https://bugreport.java.com/bugreport/crash.jsp
#

---------------  S U M M A R Y ------------

Command Line: -javaagent:C:\Program Files\JetBrains\IntelliJ IDEA Community Edition 2022.3.1\lib\idea_rt.jar=57984:C:\Program Files\JetBrains\IntelliJ IDEA Community Edition 2022.3.1\bin -Dfile.encoding=UTF-8 --module-path=C:\Users\mdv\.m2\repository\org\openjfx\javafx-controls\17.0.2\javafx-controls-17.0.2-win.jar;C:\Tools\javafx-sdk-20\lib\javafx.controls.jar;C:\Users\mdv\.m2\repository\org\openjfx\javafx-base\17.0.2\javafx-base-17.0.2-win.jar;C:\Tools\javafx-sdk-20\lib\javafx.base.jar;C:\projects\demo\target\classes;C:\Users\mdv\.m2\repository\org\postgresql\postgresql\42.2.27\postgresql-42.2.27.jar;C:\Users\mdv\.m2\repository\org\openjfx\javafx-graphics\17.0.2\javafx-graphics-17.0.2-win.jar;C:\Tools\javafx-sdk-20\lib\javafx.graphics.jar;C:\Users\mdv\.m2\repository\org\jsoup\jsoup\1.15.3\jsoup-1.15.3.jar;C:\Users\mdv\.m2\repository\org\openjfx\javafx-fxml\17.0.2\javafx-fxml-17.0.2-win.jar;C:\Tools\javafx-sdk-20\lib\javafx.fxml.jar -Djdk.module.main=com.example.demo com.example.demo/com.example.demo.HelloApplication

Host: Intel(R) Core(TM) i5 CPU       M 560  @ 2.67GHz, 4 cores, 7G,  Windows 10 , 64 bit Build 19041 (10.0.19041.3155)
Time: Sat Jul 22 23:16:30 2023 RTZ 2 (s 10 , 64 bit Build 19041 (10.0.19041.3155) elapsed time: 40.108349 seconds (0d 0h 0m 40s)

---------------  T H R E A D  ---------------

Current thread (0x00000177211b94c0):  VMThread "VM Thread" [stack: 0x00000034e3d00000,0x00000034e3e00000] [id=7640]

Stack: [0x00000034e3d00000,0x00000034e3e00000],  sp=0x00000034e3dff440,  free space=1021k
Native frames: (J=compiled Java code, j=interpreted, Vv=VM code, C=native code)
C  [glass.dll+0x26ab7]


siginfo: EXCEPTION_ACCESS_VIOLATION (0xc0000005), reading address 0x0000000000000000


Register to memory mapping:

RIP=0x00007ffab4a26ab7 glass.dll
RAX=0x0 is NULL
RBX=0x00000177211c7460 is a global jni handle
RCX=0x00000177211b94c0 points into unknown readable memory: 0x00007ffab2e66a68 | 68 6a e6 b2 fa 7f 00 00
RDX=0x00000034e3dff440 points into unknown readable memory: 0x0000000000000000 | 00 00 00 00 00 00 00 00
RSP=0x00000034e3dff440 points into unknown readable memory: 0x0000000000000000 | 00 00 00 00 00 00 00 00
RBP=0x0000017721d7c3e8 points into unknown readable memory: 0x0000701b6b567fa6 | a6 7f 56 6b 1b 70 00 00
RSI=0x0000017721d7c3c0 points into unknown readable memory: 0x288fd71b6b49810b | 0b 81 49 6b 1b d7 8f 28
RDI=0x0000701b6b567fa6 is an unknown value
R8 =0x0000000000010002 is an unknown value
R9 =0x0000701b6b567fa6 is an unknown value
R10=0x0000000000008000 is an unknown value
R11=0x00000034e3dff3d0 points into unknown readable memory: 0x0000000000000000 | 00 00 00 00 00 00 00 00
R12=0x00007ffab4a24384 glass.dll
R13=0x00007ffab3021150 jvm.dll
R14=0x00000034e3dff538 points into unknown readable memory: 0x00000034e3dff520 | 20 f5 df e3 34 00 00 00
R15=0x0000017721d7c3c0 points into unknown readable memory: 0x288fd71b6b49810b | 0b 81 49 6b 1b d7 8f 28


Registers:
RAX=0x0000000000000000, RBX=0x00000177211c7460, RCX=0x00000177211b94c0, RDX=0x00000034e3dff440
RSP=0x00000034e3dff440, RBP=0x0000017721d7c3e8, RSI=0x0000017721d7c3c0, RDI=0x0000701b6b567fa6
R8 =0x0000000000010002, R9 =0x0000701b6b567fa6, R10=0x0000000000008000, R11=0x00000034e3dff3d0
R12=0x00007ffab4a24384, R13=0x00007ffab3021150, R14=0x00000034e3dff538, R15=0x0000017721d7c3c0
RIP=0x00007ffab4a26ab7, EFLAGS=0x0000000000010202

Top of Stack: (sp=0x00000034e3dff440)
0x00000034e3dff440:   0000000000000000 0000017721d7c3c0
0x00000034e3dff450:   00007ffab3021150 00007ffab4a24384
0x00000034e3dff460:   0000017721d7c3c8 00007ffb14d342d6
0x00000034e3dff470:   0000701b6b567fa6 0000017700000000
0x00000034e3dff480:   0000017721d7c3e8 0000017721d7c3c0
0x00000034e3dff490:   fffffffffffffffe 0000000000000000
0x00000034e3dff4a0:   0000000000000001 00007ffab4a00000
0x00000034e3dff4b0:   00000034e3dff528 00007ffb14d341fb
0x00000034e3dff4c0:   0000000000000000 00000034e3dff538
0x00000034e3dff4d0:   00000034e3dff800 00007ffb14e10e40
0x00000034e3dff4e0:   0000000000000001 00007ffb14d341b4
0x00000034e3dff4f0:   0000000000000000 0000000000000001
0x00000034e3dff500:   00007ffb1421d920 00000034e3dff528
0x00000034e3dff510:   000000000000000d 00007ffab4a24211
0x00000034e3dff520:   00007ffab4a3a138 00007ffb00000002
0x00000034e3dff530:   0000000000000002 00000034e3dff520 

Instructions: (pc=0x00007ffab4a26ab7)
0x00007ffab4a269b7:   8b 4d 58 e8 01 cf ff ff 48 8b 4d 60 e8 f8 ce ff
0x00007ffab4a269c7:   ff 48 8b 95 80 00 00 00 48 8b 8d 18 01 00 00 e8
0x00007ffab4a269d7:   c6 c3 ff ff 33 d2 33 c9 e8 3c e1 ff ff 90 48 89
0x00007ffab4a269e7:   54 24 10 55 48 83 ec 20 48 8b ea 48 b8 00 00 00
0x00007ffab4a269f7:   00 00 00 00 00 48 83 c4 20 5d c3 cc 40 55 48 8b
0x00007ffab4a26a07:   ea 48 8b 01 33 c9 81 38 05 00 00 c0 0f 94 c1 8b
0x00007ffab4a26a17:   c1 5d c3 cc 40 55 48 83 ec 20 48 8b ea 8a 4d 40
0x00007ffab4a26a27:   48 83 c4 20 5d e9 f7 d2 ff ff cc 40 55 48 83 ec
0x00007ffab4a26a37:   20 48 8b ea 8a 4d 20 e8 e5 d2 ff ff 90 48 83 c4
0x00007ffab4a26a47:   20 5d c3 cc 40 55 48 83 ec 20 48 8b ea 48 83 c4
0x00007ffab4a26a57:   20 5d e9 46 d1 ff ff cc 40 55 48 83 ec 30 48 8b
0x00007ffab4a26a67:   ea 48 8b 01 8b 10 48 89 4c 24 28 89 54 24 20 4c
0x00007ffab4a26a77:   8d 0d e7 d5 ff ff 4c 8b 45 70 8b 55 68 48 8b 4d
0x00007ffab4a26a87:   60 e8 87 d0 ff ff 90 48 83 c4 30 5d c3 cc cc cc
0x00007ffab4a26a97:   cc cc cc cc cc cc cc cc cc 40 53 48 83 ec 20 48
0x00007ffab4a26aa7:   8b 1d 83 30 01 00 48 85 db 74 16 e8 09 8b ff ff
0x00007ffab4a26ab7:   4c 8b 00 48 8b d3 48 8b c8 41 ff 90 b0 00 00 00
0x00007ffab4a26ac7:   90 48 83 c4 20 5b c3 cc cc 40 53 48 83 ec 20 48
0x00007ffab4a26ad7:   8b 1d fb 31 01 00 48 85 db 74 57 b8 ff ff ff ff
0x00007ffab4a26ae7:   f0 0f c1 43 10 83 f8 01 75 3d 48 85 db 74 38 48
0x00007ffab4a26af7:   8b 0b 48 85 c9 74 0d ff 15 a4 07 00 00 48 c7 03
0x00007ffab4a26b07:   00 00 00 00 48 8b 4b 08 48 85 c9 74 0d e8 a7 cd
0x00007ffab4a26b17:   ff ff 48 c7 43 08 00 00 00 00 ba 18 00 00 00 48
0x00007ffab4a26b27:   8b cb e8 92 cd ff ff 48 c7 05 9f 31 01 00 00 00
0x00007ffab4a26b37:   00 00 48 83 c4 20 5b c3 cc 40 53 48 83 ec 20 48
0x00007ffab4a26b47:   8b 1d 6b 31 01 00 48 85 db 74 57 b8 ff ff ff ff
0x00007ffab4a26b57:   f0 0f c1 43 10 83 f8 01 75 3d 48 85 db 74 38 48
0x00007ffab4a26b67:   8b 0b 48 85 c9 74 0d ff 15 34 07 00 00 48 c7 03
0x00007ffab4a26b77:   00 00 00 00 48 8b 4b 08 48 85 c9 74 0d e8 37 cd
0x00007ffab4a26b87:   ff ff 48 c7 43 08 00 00 00 00 ba 18 00 00 00 48
0x00007ffab4a26b97:   8b cb e8 22 cd ff ff 48 c7 05 0f 31 01 00 00 00
0x00007ffab4a26ba7:   00 00 48 83 c4 20 5b c3 cc 40 53 48 83 ec 20 48 


Stack slot to memory mapping:
stack at sp + 0 slots: 0x0 is NULL
stack at sp + 1 slots: 0x0000017721d7c3c0 points into unknown readable memory: 0x288fd71b6b49810b | 0b 81 49 6b 1b d7 8f 28
stack at sp + 2 slots: 0x00007ffab3021150 jvm.dll
stack at sp + 3 slots: 0x00007ffab4a24384 glass.dll
stack at sp + 4 slots: 0x0000017721d7c3c8 points into unknown readable memory: 0x0000701b6b567fa6 | a6 7f 56 6b 1b 70 00 00
stack at sp + 5 slots: 0x00007ffb14d342d6 ucrtbase.dll
stack at sp + 6 slots: 0x0000701b6b567fa6 is an unknown value
stack at sp + 7 slots: 0x0000017700000000 is an unknown value

VM_Operation (0x00000034e63ff4e0): Exit, mode: safepoint, requested by thread 0x000001772190e460


---------------  P R O C E S S  ---------------

Threads class SMR info:
_java_thread_list=0x0000017769f24690, length=20, elements={
0x0000017701c0d720, 0x00000177211c0ba0, 0x00000177211c1720, 0x00000177211d6e50,
0x00000177211d7710, 0x00000177211d7fd0, 0x00000177211d8c70, 0x0000017721245270,
0x0000017721257770, 0x00000177213f8430, 0x0000017721aee290, 0x0000017721839d30,
0x0000017721910140, 0x0000017721910610, 0x000001772190f2d0, 0x000001772190f7a0,
0x000001772190e930, 0x000001772190fc70, 0x000001772190ee00, 0x000001772190e460
}

Java Threads: ( => current thread )
  0x0000017701c0d720 JavaThread "main" [_thread_blocked, id=7476, stack(0x00000034e3700000,0x00000034e3800000)]
  0x00000177211c0ba0 JavaThread "Reference Handler" daemon [_thread_blocked, id=2092, stack(0x00000034e3e00000,0x00000034e3f00000)]
  0x00000177211c1720 JavaThread "Finalizer" daemon [_thread_blocked, id=808, stack(0x00000034e3f00000,0x00000034e4000000)]
  0x00000177211d6e50 JavaThread "Attach Listener" daemon [_thread_blocked, id=10492, stack(0x00000034e4100000,0x00000034e4200000)]
  0x00000177211d7710 JavaThread "Service Thread" daemon [_thread_blocked, id=10912, stack(0x00000034e4200000,0x00000034e4300000)]
  0x00000177211d7fd0 JavaThread "Monitor Deflation Thread" daemon [_thread_blocked, id=11000, stack(0x00000034e4300000,0x00000034e4400000)]
  0x00000177211d8c70 JavaThread "C2 CompilerThread0" daemon [_thread_blocked, id=11188, stack(0x00000034e4400000,0x00000034e4500000)]
  0x0000017721245270 JavaThread "C1 CompilerThread0" daemon [_thread_blocked, id=10872, stack(0x00000034e4500000,0x00000034e4600000)]
  0x0000017721257770 JavaThread "Sweeper thread" daemon [_thread_blocked, id=10892, stack(0x00000034e4600000,0x00000034e4700000)]
  0x00000177213f8430 JavaThread "Common-Cleaner" daemon [_thread_blocked, id=9336, stack(0x00000034e4700000,0x00000034e4800000)]
  0x0000017721aee290 JavaThread "Monitor Ctrl-Break" daemon [_thread_in_native, id=6828, stack(0x00000034e4900000,0x00000034e4a00000)]
  0x0000017721839d30 JavaThread "Notification Thread" daemon [_thread_blocked, id=3892, stack(0x00000034e4a00000,0x00000034e4b00000)]
  0x0000017721910140 JavaThread "QuantumRenderer-0" daemon [_thread_blocked, id=1276, stack(0x00000034e4800000,0x00000034e4900000)]
  0x0000017721910610 JavaThread "InvokeLaterDispatcher" daemon [_thread_blocked, id=9320, stack(0x00000034e5000000,0x00000034e5100000)]
  0x000001772190f2d0 JavaThread "JavaFX Application Thread" [_thread_in_native, id=2772, stack(0x00000034e5100000,0x00000034e5200000)]
  0x000001772190f7a0 JavaThread "Thread-1" daemon [_thread_in_native, id=2984, stack(0x00000034e5300000,0x00000034e5400000)]
  0x000001772190e930 JavaThread "JavaFX-Launcher" [_thread_blocked, id=9100, stack(0x00000034e5400000,0x00000034e5500000)]
  0x000001772190fc70 JavaThread "Prism Font Disposer" daemon [_thread_blocked, id=2064, stack(0x00000034e5900000,0x00000034e5a00000)]
  0x000001772190ee00 JavaThread "Cleaner-0" daemon [_thread_blocked, id=476, stack(0x00000034e5e00000,0x00000034e5f00000)]
  0x000001772190e460 JavaThread "SIGINT handler" daemon [_thread_blocked, id=2472, stack(0x00000034e6300000,0x00000034e6400000)]

Other Threads:
=>0x00000177211b94c0 VMThread "VM Thread" [stack: 0x00000034e3d00000,0x00000034e3e00000] [id=7640]
  0x0000017701c66190 GCTaskThread "GC Thread#0" [stack: 0x00000034e3800000,0x00000034e3900000] [id=10496]
  0x000001772182a710 GCTaskThread "GC Thread#1" [stack: 0x00000034e4c00000,0x00000034e4d00000] [id=7552]
  0x0000017721ad2ac0 GCTaskThread "GC Thread#2" [stack: 0x00000034e4d00000,0x00000034e4e00000] [id=9012]
  0x0000017721ad2d70 GCTaskThread "GC Thread#3" [stack: 0x00000034e4e00000,0x00000034e4f00000] [id=1840]
  0x0000017701c779b0 ConcurrentGCThread "G1 Main Marker" terminated
  0x0000017701c78a70 ConcurrentGCThread "G1 Conc#0" [stack: 0x00000034e3a00000,0x00000034e3b00000] [id=5640]
  0x0000017701ce0cf0 ConcurrentGCThread "G1 Refine#0" terminated
  0x0000017701ce1620 ConcurrentGCThread "G1 Service" terminated

Threads with active compile tasks:

VM state: at safepoint (shutting down)

VM Mutex/Monitor currently owned by a thread:  ([mutex/lock_event])
[0x0000017701c080e0] Threads_lock - owner thread: 0x00000177211b94c0
[0x0000017701c088c0] Heap_lock - owner thread: 0x000001772190e460

Heap address: 0x0000000085200000, size: 1966 MB, Compressed Oops mode: 32-bit

CDS archive(s) mapped at: [0x0000017722000000-0x0000017722bd0000-0x0000017722bd0000), size 12386304, SharedBaseAddress: 0x0000017722000000, ArchiveRelocationMode: 1.
Compressed class space mapped at: 0x0000017723000000-0x0000017763000000, reserved size: 1073741824
Narrow klass base: 0x0000017722000000, Narrow klass shift: 0, Narrow klass range: 0x100000000

GC Precious Log:
 CPUs: 4 total, 4 available
 Memory: 7861M
 Large Page Support: Disabled
 NUMA Support: Disabled
 Compressed Oops: Enabled (32-bit)
 Heap Region Size: 1M
 Heap Min Capacity: 8M
 Heap Initial Capacity: 124M
 Heap Max Capacity: 1966M
 Pre-touch: Disabled
 Parallel Workers: 4
 Concurrent Workers: 1
 Concurrent Refinement Workers: 4
 Periodic GC: Disabled

Heap:
 garbage-first heap   total 126976K, used 19041K [0x0000000085200000, 0x0000000100000000)
  region size 1024K, 14 young (14336K), 6 survivors (6144K)
 Metaspace       used 19067K, committed 19328K, reserved 1114112K
  class space    used 2623K, committed 2752K, reserved 1048576K

Heap Regions: E=young(eden), S=young(survivor), O=old, HS=humongous(starts), HC=humongous(continues), CS=collection set, F=free, OA=open archive, CA=closed archive, TAMS=top-at-mark-start (previous, next)
|   0|0x0000000085200000, 0x0000000085300000, 0x0000000085300000|100%| O|  |TAMS 0x0000000085200000, 0x0000000085200000| Untracked 
|   1|0x0000000085300000, 0x0000000085400000, 0x0000000085400000|100%| O|  |TAMS 0x0000000085300000, 0x0000000085300000| Untracked 
|   2|0x0000000085400000, 0x0000000085500000, 0x0000000085500000|100%|HS|  |TAMS 0x0000000085400000, 0x0000000085400000| Complete 
|   3|0x0000000085500000, 0x0000000085600000, 0x0000000085600000|100%|HC|  |TAMS 0x0000000085500000, 0x0000000085500000| Complete 
|   4|0x0000000085600000, 0x0000000085700000, 0x0000000085700000|100%| O|  |TAMS 0x0000000085600000, 0x0000000085600000| Untracked 
|   5|0x0000000085700000, 0x0000000085798400, 0x0000000085800000| 59%| O|  |TAMS 0x0000000085700000, 0x0000000085700000| Untracked 
|   6|0x0000000085800000, 0x0000000085800000, 0x0000000085900000|  0%| F|  |TAMS 0x0000000085800000, 0x0000000085800000| Untracked 
|   7|0x0000000085900000, 0x0000000085900000, 0x0000000085a00000|  0%| F|  |TAMS 0x0000000085900000, 0x0000000085900000| Untracked 
|   8|0x0000000085a00000, 0x0000000085a00000, 0x0000000085b00000|  0%| F|  |TAMS 0x0000000085a00000, 0x0000000085a00000| Untracked 
|   9|0x0000000085b00000, 0x0000000085b00000, 0x0000000085c00000|  0%| F|  |TAMS 0x0000000085b00000, 0x0000000085b00000| Untracked 
|  10|0x0000000085c00000, 0x0000000085c00000, 0x0000000085d00000|  0%| F|  |TAMS 0x0000000085c00000, 0x0000000085c00000| Untracked 
|  11|0x0000000085d00000, 0x0000000085d00000, 0x0000000085e00000|  0%| F|  |TAMS 0x0000000085d00000, 0x0000000085d00000| Untracked 
|  12|0x0000000085e00000, 0x0000000085e00000, 0x0000000085f00000|  0%| F|  |TAMS 0x0000000085e00000, 0x0000000085e00000| Untracked 
|  13|0x0000000085f00000, 0x0000000085f00000, 0x0000000086000000|  0%| F|  |TAMS 0x0000000085f00000, 0x0000000085f00000| Untracked 
|  14|0x0000000086000000, 0x0000000086000000, 0x0000000086100000|  0%| F|  |TAMS 0x0000000086000000, 0x0000000086000000| Untracked 
|  15|0x0000000086100000, 0x0000000086100000, 0x0000000086200000|  0%| F|  |TAMS 0x0000000086100000, 0x0000000086100000| Untracked 
|  16|0x0000000086200000, 0x0000000086200000, 0x0000000086300000|  0%| F|  |TAMS 0x0000000086200000, 0x0000000086200000| Untracked 
|  17|0x0000000086300000, 0x0000000086300000, 0x0000000086400000|  0%| F|  |TAMS 0x0000000086300000, 0x0000000086300000| Untracked 
|  18|0x0000000086400000, 0x0000000086400000, 0x0000000086500000|  0%| F|  |TAMS 0x0000000086400000, 0x0000000086400000| Untracked 
|  19|0x0000000086500000, 0x0000000086500000, 0x0000000086600000|  0%| F|  |TAMS 0x0000000086500000, 0x0000000086500000| Untracked 
|  20|0x0000000086600000, 0x0000000086600000, 0x0000000086700000|  0%| F|  |TAMS 0x0000000086600000, 0x0000000086600000| Untracked 
|  21|0x0000000086700000, 0x0000000086700000, 0x0000000086800000|  0%| F|  |TAMS 0x0000000086700000, 0x0000000086700000| Untracked 
|  22|0x0000000086800000, 0x0000000086800000, 0x0000000086900000|  0%| F|  |TAMS 0x0000000086800000, 0x0000000086800000| Untracked 
|  23|0x0000000086900000, 0x0000000086900000, 0x0000000086a00000|  0%| F|  |TAMS 0x0000000086900000, 0x0000000086900000| Untracked 
|  24|0x0000000086a00000, 0x0000000086a00000, 0x0000000086b00000|  0%| F|  |TAMS 0x0000000086a00000, 0x0000000086a00000| Untracked 
|  25|0x0000000086b00000, 0x0000000086b00000, 0x0000000086c00000|  0%| F|  |TAMS 0x0000000086b00000, 0x0000000086b00000| Untracked 
|  26|0x0000000086c00000, 0x0000000086c00000, 0x0000000086d00000|  0%| F|  |TAMS 0x0000000086c00000, 0x0000000086c00000| Untracked 
|  27|0x0000000086d00000, 0x0000000086d00000, 0x0000000086e00000|  0%| F|  |TAMS 0x0000000086d00000, 0x0000000086d00000| Untracked 
|  28|0x0000000086e00000, 0x0000000086e00000, 0x0000000086f00000|  0%| F|  |TAMS 0x0000000086e00000, 0x0000000086e00000| Untracked 
|  29|0x0000000086f00000, 0x0000000086f00000, 0x0000000087000000|  0%| F|  |TAMS 0x0000000086f00000, 0x0000000086f00000| Untracked 
|  30|0x0000000087000000, 0x0000000087000000, 0x0000000087100000|  0%| F|  |TAMS 0x0000000087000000, 0x0000000087000000| Untracked 
|  31|0x0000000087100000, 0x0000000087100000, 0x0000000087200000|  0%| F|  |TAMS 0x0000000087100000, 0x0000000087100000| Untracked 
|  32|0x0000000087200000, 0x0000000087200000, 0x0000000087300000|  0%| F|  |TAMS 0x0000000087200000, 0x0000000087200000| Untracked 
|  33|0x0000000087300000, 0x0000000087300000, 0x0000000087400000|  0%| F|  |TAMS 0x0000000087300000, 0x0000000087300000| Untracked 
|  34|0x0000000087400000, 0x0000000087400000, 0x0000000087500000|  0%| F|  |TAMS 0x0000000087400000, 0x0000000087400000| Untracked 
|  35|0x0000000087500000, 0x0000000087500000, 0x0000000087600000|  0%| F|  |TAMS 0x0000000087500000, 0x0000000087500000| Untracked 
|  36|0x0000000087600000, 0x0000000087600000, 0x0000000087700000|  0%| F|  |TAMS 0x0000000087600000, 0x0000000087600000| Untracked 
|  37|0x0000000087700000, 0x0000000087700000, 0x0000000087800000|  0%| F|  |TAMS 0x0000000087700000, 0x0000000087700000| Untracked 
|  38|0x0000000087800000, 0x0000000087800000, 0x0000000087900000|  0%| F|  |TAMS 0x0000000087800000, 0x0000000087800000| Untracked 
|  39|0x0000000087900000, 0x0000000087900000, 0x0000000087a00000|  0%| F|  |TAMS 0x0000000087900000, 0x0000000087900000| Untracked 
|  40|0x0000000087a00000, 0x0000000087a00000, 0x0000000087b00000|  0%| F|  |TAMS 0x0000000087a00000, 0x0000000087a00000| Untracked 
|  41|0x0000000087b00000, 0x0000000087b00000, 0x0000000087c00000|  0%| F|  |TAMS 0x0000000087b00000, 0x0000000087b00000| Untracked 
|  42|0x0000000087c00000, 0x0000000087c00000, 0x0000000087d00000|  0%| F|  |TAMS 0x0000000087c00000, 0x0000000087c00000| Untracked 
|  43|0x0000000087d00000, 0x0000000087d00000, 0x0000000087e00000|  0%| F|  |TAMS 0x0000000087d00000, 0x0000000087d00000| Untracked 
|  44|0x0000000087e00000, 0x0000000087e00000, 0x0000000087f00000|  0%| F|  |TAMS 0x0000000087e00000, 0x0000000087e00000| Untracked 
|  45|0x0000000087f00000, 0x0000000087f00000, 0x0000000088000000|  0%| F|  |TAMS 0x0000000087f00000, 0x0000000087f00000| Untracked 
|  46|0x0000000088000000, 0x0000000088000000, 0x0000000088100000|  0%| F|  |TAMS 0x0000000088000000, 0x0000000088000000| Untracked 
|  47|0x0000000088100000, 0x0000000088100000, 0x0000000088200000|  0%| F|  |TAMS 0x0000000088100000, 0x0000000088100000| Untracked 
|  48|0x0000000088200000, 0x0000000088200000, 0x0000000088300000|  0%| F|  |TAMS 0x0000000088200000, 0x0000000088200000| Untracked 
|  49|0x0000000088300000, 0x0000000088300000, 0x0000000088400000|  0%| F|  |TAMS 0x0000000088300000, 0x0000000088300000| Untracked 
|  50|0x0000000088400000, 0x0000000088400000, 0x0000000088500000|  0%| F|  |TAMS 0x0000000088400000, 0x0000000088400000| Untracked 
|  51|0x0000000088500000, 0x0000000088500000, 0x0000000088600000|  0%| F|  |TAMS 0x0000000088500000, 0x0000000088500000| Untracked 
|  52|0x0000000088600000, 0x0000000088600000, 0x0000000088700000|  0%| F|  |TAMS 0x0000000088600000, 0x0000000088600000| Untracked 
|  53|0x0000000088700000, 0x0000000088700000, 0x0000000088800000|  0%| F|  |TAMS 0x0000000088700000, 0x0000000088700000| Untracked 
|  54|0x0000000088800000, 0x0000000088800000, 0x0000000088900000|  0%| F|  |TAMS 0x0000000088800000, 0x0000000088800000| Untracked 
|  55|0x0000000088900000, 0x0000000088900000, 0x0000000088a00000|  0%| F|  |TAMS 0x0000000088900000, 0x0000000088900000| Untracked 
|  56|0x0000000088a00000, 0x0000000088a00000, 0x0000000088b00000|  0%| F|  |TAMS 0x0000000088a00000, 0x0000000088a00000| Untracked 
|  57|0x0000000088b00000, 0x0000000088b00000, 0x0000000088c00000|  0%| F|  |TAMS 0x0000000088b00000, 0x0000000088b00000| Untracked 
|  58|0x0000000088c00000, 0x0000000088c00000, 0x0000000088d00000|  0%| F|  |TAMS 0x0000000088c00000, 0x0000000088c00000| Untracked 
|  59|0x0000000088d00000, 0x0000000088d00000, 0x0000000088e00000|  0%| F|  |TAMS 0x0000000088d00000, 0x0000000088d00000| Untracked 
|  60|0x0000000088e00000, 0x0000000088e00000, 0x0000000088f00000|  0%| F|  |TAMS 0x0000000088e00000, 0x0000000088e00000| Untracked 
|  61|0x0000000088f00000, 0x0000000088f00000, 0x0000000089000000|  0%| F|  |TAMS 0x0000000088f00000, 0x0000000088f00000| Untracked 
|  62|0x0000000089000000, 0x0000000089000000, 0x0000000089100000|  0%| F|  |TAMS 0x0000000089000000, 0x0000000089000000| Untracked 
|  63|0x0000000089100000, 0x0000000089100000, 0x0000000089200000|  0%| F|  |TAMS 0x0000000089100000, 0x0000000089100000| Untracked 
|  64|0x0000000089200000, 0x0000000089200000, 0x0000000089300000|  0%| F|  |TAMS 0x0000000089200000, 0x0000000089200000| Untracked 
|  65|0x0000000089300000, 0x0000000089300000, 0x0000000089400000|  0%| F|  |TAMS 0x0000000089300000, 0x0000000089300000| Untracked 
|  66|0x0000000089400000, 0x0000000089400000, 0x0000000089500000|  0%| F|  |TAMS 0x0000000089400000, 0x0000000089400000| Untracked 
|  67|0x0000000089500000, 0x0000000089500000, 0x0000000089600000|  0%| F|  |TAMS 0x0000000089500000, 0x0000000089500000| Untracked 
|  68|0x0000000089600000, 0x0000000089600000, 0x0000000089700000|  0%| F|  |TAMS 0x0000000089600000, 0x0000000089600000| Untracked 
|  69|0x0000000089700000, 0x0000000089700000, 0x0000000089800000|  0%| F|  |TAMS 0x0000000089700000, 0x0000000089700000| Untracked 
|  70|0x0000000089800000, 0x0000000089800000, 0x0000000089900000|  0%| F|  |TAMS 0x0000000089800000, 0x0000000089800000| Untracked 
|  71|0x0000000089900000, 0x0000000089900000, 0x0000000089a00000|  0%| F|  |TAMS 0x0000000089900000, 0x0000000089900000| Untracked 
|  72|0x0000000089a00000, 0x0000000089a00000, 0x0000000089b00000|  0%| F|  |TAMS 0x0000000089a00000, 0x0000000089a00000| Untracked 
|  73|0x0000000089b00000, 0x0000000089b00000, 0x0000000089c00000|  0%| F|  |TAMS 0x0000000089b00000, 0x0000000089b00000| Untracked 
|  74|0x0000000089c00000, 0x0000000089c00000, 0x0000000089d00000|  0%| F|  |TAMS 0x0000000089c00000, 0x0000000089c00000| Untracked 
|  75|0x0000000089d00000, 0x0000000089d00000, 0x0000000089e00000|  0%| F|  |TAMS 0x0000000089d00000, 0x0000000089d00000| Untracked 
|  76|0x0000000089e00000, 0x0000000089f00000, 0x0000000089f00000|100%| S|CS|TAMS 0x0000000089e00000, 0x0000000089e00000| Complete 
|  77|0x0000000089f00000, 0x000000008a000000, 0x000000008a000000|100%| S|CS|TAMS 0x0000000089f00000, 0x0000000089f00000| Complete 
|  78|0x000000008a000000, 0x000000008a100000, 0x000000008a100000|100%| S|CS|TAMS 0x000000008a000000, 0x000000008a000000| Complete 
|  79|0x000000008a100000, 0x000000008a200000, 0x000000008a200000|100%| S|CS|TAMS 0x000000008a100000, 0x000000008a100000| Complete 
|  80|0x000000008a200000, 0x000000008a300000, 0x000000008a300000|100%| S|CS|TAMS 0x000000008a200000, 0x000000008a200000| Complete 
|  81|0x000000008a300000, 0x000000008a400000, 0x000000008a400000|100%| S|CS|TAMS 0x000000008a300000, 0x000000008a300000| Complete 
|  82|0x000000008a400000, 0x000000008a400000, 0x000000008a500000|  0%| F|  |TAMS 0x000000008a400000, 0x000000008a400000| Untracked 
|  83|0x000000008a500000, 0x000000008a500000, 0x000000008a600000|  0%| F|  |TAMS 0x000000008a500000, 0x000000008a500000| Untracked 
|  84|0x000000008a600000, 0x000000008a600000, 0x000000008a700000|  0%| F|  |TAMS 0x000000008a600000, 0x000000008a600000| Untracked 
|  85|0x000000008a700000, 0x000000008a700000, 0x000000008a800000|  0%| F|  |TAMS 0x000000008a700000, 0x000000008a700000| Untracked 
|  86|0x000000008a800000, 0x000000008a800000, 0x000000008a900000|  0%| F|  |TAMS 0x000000008a800000, 0x000000008a800000| Untracked 
|  87|0x000000008a900000, 0x000000008a900000, 0x000000008aa00000|  0%| F|  |TAMS 0x000000008a900000, 0x000000008a900000| Untracked 
|  88|0x000000008aa00000, 0x000000008aa00000, 0x000000008ab00000|  0%| F|  |TAMS 0x000000008aa00000, 0x000000008aa00000| Untracked 
|  89|0x000000008ab00000, 0x000000008ab00000, 0x000000008ac00000|  0%| F|  |TAMS 0x000000008ab00000, 0x000000008ab00000| Untracked 
|  90|0x000000008ac00000, 0x000000008ac00000, 0x000000008ad00000|  0%| F|  |TAMS 0x000000008ac00000, 0x000000008ac00000| Untracked 
|  91|0x000000008ad00000, 0x000000008ad00000, 0x000000008ae00000|  0%| F|  |TAMS 0x000000008ad00000, 0x000000008ad00000| Untracked 
|  92|0x000000008ae00000, 0x000000008ae00000, 0x000000008af00000|  0%| F|  |TAMS 0x000000008ae00000, 0x000000008ae00000| Untracked 
|  93|0x000000008af00000, 0x000000008af00000, 0x000000008b000000|  0%| F|  |TAMS 0x000000008af00000, 0x000000008af00000| Untracked 
|  94|0x000000008b000000, 0x000000008b000000, 0x000000008b100000|  0%| F|  |TAMS 0x000000008b000000, 0x000000008b000000| Untracked 
|  95|0x000000008b100000, 0x000000008b100000, 0x000000008b200000|  0%| F|  |TAMS 0x000000008b100000, 0x000000008b100000| Untracked 
|  96|0x000000008b200000, 0x000000008b200000, 0x000000008b300000|  0%| F|  |TAMS 0x000000008b200000, 0x000000008b200000| Untracked 
|  97|0x000000008b300000, 0x000000008b300000, 0x000000008b400000|  0%| F|  |TAMS 0x000000008b300000, 0x000000008b300000| Untracked 
|  98|0x000000008b400000, 0x000000008b400000, 0x000000008b500000|  0%| F|  |TAMS 0x000000008b400000, 0x000000008b400000| Untracked 
|  99|0x000000008b500000, 0x000000008b500000, 0x000000008b600000|  0%| F|  |TAMS 0x000000008b500000, 0x000000008b500000| Untracked 
| 100|0x000000008b600000, 0x000000008b600000, 0x000000008b700000|  0%| F|  |TAMS 0x000000008b600000, 0x000000008b600000| Untracked 
| 101|0x000000008b700000, 0x000000008b700000, 0x000000008b800000|  0%| F|  |TAMS 0x000000008b700000, 0x000000008b700000| Untracked 
| 102|0x000000008b800000, 0x000000008b800000, 0x000000008b900000|  0%| F|  |TAMS 0x000000008b800000, 0x000000008b800000| Untracked 
| 103|0x000000008b900000, 0x000000008b900000, 0x000000008ba00000|  0%| F|  |TAMS 0x000000008b900000, 0x000000008b900000| Untracked 
| 104|0x000000008ba00000, 0x000000008ba00000, 0x000000008bb00000|  0%| F|  |TAMS 0x000000008ba00000, 0x000000008ba00000| Untracked 
| 105|0x000000008bb00000, 0x000000008bb00000, 0x000000008bc00000|  0%| F|  |TAMS 0x000000008bb00000, 0x000000008bb00000| Untracked 
| 106|0x000000008bc00000, 0x000000008bc00000, 0x000000008bd00000|  0%| F|  |TAMS 0x000000008bc00000, 0x000000008bc00000| Untracked 
| 107|0x000000008bd00000, 0x000000008bd00000, 0x000000008be00000|  0%| F|  |TAMS 0x000000008bd00000, 0x000000008bd00000| Untracked 
| 108|0x000000008be00000, 0x000000008be00000, 0x000000008bf00000|  0%| F|  |TAMS 0x000000008be00000, 0x000000008be00000| Untracked 
| 109|0x000000008bf00000, 0x000000008bf00000, 0x000000008c000000|  0%| F|  |TAMS 0x000000008bf00000, 0x000000008bf00000| Untracked 
| 110|0x000000008c000000, 0x000000008c000000, 0x000000008c100000|  0%| F|  |TAMS 0x000000008c000000, 0x000000008c000000| Untracked 
| 111|0x000000008c100000, 0x000000008c100000, 0x000000008c200000|  0%| F|  |TAMS 0x000000008c100000, 0x000000008c100000| Untracked 
| 112|0x000000008c200000, 0x000000008c200000, 0x000000008c300000|  0%| F|  |TAMS 0x000000008c200000, 0x000000008c200000| Untracked 
| 113|0x000000008c300000, 0x000000008c300000, 0x000000008c400000|  0%| F|  |TAMS 0x000000008c300000, 0x000000008c300000| Untracked 
| 114|0x000000008c400000, 0x000000008c400000, 0x000000008c500000|  0%| F|  |TAMS 0x000000008c400000, 0x000000008c400000| Untracked 
| 115|0x000000008c500000, 0x000000008c500000, 0x000000008c600000|  0%| F|  |TAMS 0x000000008c500000, 0x000000008c500000| Untracked 
| 116|0x000000008c600000, 0x000000008c6b3908, 0x000000008c700000| 70%| E|  |TAMS 0x000000008c600000, 0x000000008c600000| Complete 
| 117|0x000000008c700000, 0x000000008c800000, 0x000000008c800000|100%| E|CS|TAMS 0x000000008c700000, 0x000000008c700000| Complete 
| 118|0x000000008c800000, 0x000000008c900000, 0x000000008c900000|100%| E|CS|TAMS 0x000000008c800000, 0x000000008c800000| Complete 
| 119|0x000000008c900000, 0x000000008ca00000, 0x000000008ca00000|100%| E|CS|TAMS 0x000000008c900000, 0x000000008c900000| Complete 
| 120|0x000000008ca00000, 0x000000008cb00000, 0x000000008cb00000|100%| E|CS|TAMS 0x000000008ca00000, 0x000000008ca00000| Complete 
| 121|0x000000008cb00000, 0x000000008cc00000, 0x000000008cc00000|100%| E|CS|TAMS 0x000000008cb00000, 0x000000008cb00000| Complete 
| 122|0x000000008cc00000, 0x000000008cd00000, 0x000000008cd00000|100%| E|CS|TAMS 0x000000008cc00000, 0x000000008cc00000| Complete 
| 123|0x000000008cd00000, 0x000000008ce00000, 0x000000008ce00000|100%| E|CS|TAMS 0x000000008cd00000, 0x000000008cd00000| Complete 

Card table byte_map: [0x000001771a6a0000,0x000001771aa80000] _byte_map_base: 0x000001771a277000

Marking Bits (Prev, Next): (CMBitMap*) 0x0000017701c67ac0, (CMBitMap*) 0x0000017701c67b00
 Prev Bits: [0x000001771ae60000, 0x000001771cd18000)
 Next Bits: [0x000001771cd20000, 0x000001771ebd8000)

Polling page: 0x0000017701cf0000

Metaspace:

Usage:
  Non-class:     16.06 MB used.
      Class:      2.56 MB used.
       Both:     18.62 MB used.

Virtual space:
  Non-class space:       64.00 MB reserved,      16.19 MB ( 25%) committed,  1 nodes.
      Class space:        1.00 GB reserved,       2.69 MB ( <1%) committed,  1 nodes.
             Both:        1.06 GB reserved,      18.88 MB (  2%) committed. 

Chunk freelists:
   Non-Class:  15.28 MB
       Class:  13.14 MB
        Both:  28.42 MB

MaxMetaspaceSize: unlimited
CompressedClassSpaceSize: 1.00 GB
Initial GC threshold: 21.00 MB
Current GC threshold: 21.00 MB
CDS: on
MetaspaceReclaimPolicy: balanced
 - commit_granule_bytes: 65536.
 - commit_granule_words: 8192.
 - virtual_space_node_default_size: 8388608.
 - enlarge_chunks_in_place: 1.
 - new_chunks_are_fully_committed: 0.
 - uncommit_free_chunks: 1.
 - use_allocation_guard: 0.
 - handle_deallocations: 1.


Internal statistics:

num_allocs_failed_limit: 0.
num_arena_births: 218.
num_arena_deaths: 0.
num_vsnodes_births: 2.
num_vsnodes_deaths: 0.
num_space_committed: 302.
num_space_uncommitted: 0.
num_chunks_returned_to_freelist: 0.
num_chunks_taken_from_freelist: 788.
num_chunk_merges: 0.
num_chunk_splits: 561.
num_chunks_enlarged: 435.
num_purges: 0.
num_inconsistent_stats: 0.

CodeHeap 'non-profiled nmethods': size=120000Kb used=1220Kb max_used=1220Kb free=118779Kb
 bounds [0x0000017712760000, 0x00000177129d0000, 0x0000017719c90000]
CodeHeap 'profiled nmethods': size=120000Kb used=5743Kb max_used=5743Kb free=114256Kb
 bounds [0x000001770ac90000, 0x000001770b230000, 0x00000177121c0000]
CodeHeap 'non-nmethods': size=5760Kb used=1439Kb max_used=1494Kb free=4320Kb
 bounds [0x00000177121c0000, 0x0000017712430000, 0x0000017712760000]
 total_blobs=3841 nmethods=3032 adapters=721
 compilation: enabled
              stopped_count=0, restarted_count=0
 full_count=0

Compilation events (20 events):
Event: 19.245 Thread 0x00000177211d8c70 nmethod 2693 0x0000017712890010 code [0x0000017712890180, 0x00000177128901f8]
Event: 19.245 Thread 0x00000177211d8c70 2755       4       java.util.Arrays$ArrayList::get (7 bytes)
Event: 19.246 Thread 0x00000177211d8c70 nmethod 2755 0x0000017712890310 code [0x0000017712890480, 0x0000017712890538]
Event: 19.253 Thread 0x000001776a035470 nmethod 2964 0x0000017712890610 code [0x00000177128907c0, 0x0000017712890d58]
Event: 36.579 Thread 0x0000017721245270 3027       3       javafx.scene.Node::getViewOrder (19 bytes)
Event: 36.580 Thread 0x0000017721245270 nmethod 3027 0x000001770b227710 code [0x000001770b2278e0, 0x000001770b227d88]
Event: 36.591 Thread 0x0000017721245270 3028       3       java.lang.Math::toRadians (6 bytes)
Event: 36.592 Thread 0x0000017721245270 nmethod 3028 0x000001770b227f10 code [0x000001770b2280c0, 0x000001770b2281b8]
Event: 36.659 Thread 0x0000017721245270 3029       3       javafx.scene.Scene::getEffectiveCamera (80 bytes)
Event: 36.662 Thread 0x0000017721245270 nmethod 3029 0x000001770b228290 code [0x000001770b2285a0, 0x000001770b229c58]
Event: 36.723 Thread 0x0000017721245270 3030       3       com.sun.javafx.collections.VetoableListDecorator$ModCountAccessorImpl::get (8 bytes)
Event: 36.723 Thread 0x0000017721245270 nmethod 3030 0x000001770b22a290 code [0x000001770b22a420, 0x000001770b22a538]
Event: 36.895 Thread 0x0000017721245270 3031       3       com.sun.javafx.collections.VetoableListDecorator$VetoableIteratorDecorator::checkForComodification (25 bytes)
Event: 36.896 Thread 0x0000017721245270 nmethod 3031 0x000001770b22a610 code [0x000001770b22a7c0, 0x000001770b22aaa8]
Event: 37.343 Thread 0x0000017721245270 3032       3       com.sun.javafx.stage.WindowCloseRequestHandler::dispatchBubblingEvent (23 bytes)
Event: 37.344 Thread 0x0000017721245270 nmethod 3032 0x000001770b22ac10 code [0x000001770b22ade0, 0x000001770b22b1b8]
Event: 37.344 Thread 0x0000017721245270 3033       3       com.sun.javafx.event.BasicEventDispatcher::dispatchBubblingEvent (2 bytes)
Event: 37.344 Thread 0x0000017721245270 nmethod 3033 0x000001770b22b310 code [0x000001770b22b4a0, 0x000001770b22b5b8]
Event: 39.753 Thread 0x0000017721245270 3034       3       java.lang.invoke.DirectMethodHandle::makeAllocator (137 bytes)
Event: 39.754 Thread 0x0000017721245270 nmethod 3034 0x000001770b22b690 code [0x000001770b22b8a0, 0x000001770b22bcf8]

GC Heap History (6 events):
Event: 0.653 GC heap before
{Heap before GC invocations=0 (full 0):
 garbage-first heap   total 126976K, used 12288K [0x0000000085200000, 0x0000000100000000)
  region size 1024K, 13 young (13312K), 0 survivors (0K)
 Metaspace       used 1594K, committed 1664K, reserved 1114112K
  class space    used 162K, committed 192K, reserved 1048576K
}
Event: 0.658 GC heap after
{Heap after GC invocations=1 (full 0):
 garbage-first heap   total 126976K, used 1624K [0x0000000085200000, 0x0000000100000000)
  region size 1024K, 2 young (2048K), 2 survivors (2048K)
 Metaspace       used 1594K, committed 1664K, reserved 1114112K
  class space    used 162K, committed 192K, reserved 1048576K
}
Event: 1.702 GC heap before
{Heap before GC invocations=1 (full 0):
 garbage-first heap   total 126976K, used 19032K [0x0000000085200000, 0x0000000100000000)
  region size 1024K, 20 young (20480K), 2 survivors (2048K)
 Metaspace       used 7516K, committed 7680K, reserved 1114112K
  class space    used 951K, committed 1024K, reserved 1048576K
}
Event: 1.708 GC heap after
{Heap after GC invocations=2 (full 0):
 garbage-first heap   total 126976K, used 4536K [0x0000000085200000, 0x0000000100000000)
  region size 1024K, 3 young (3072K), 3 survivors (3072K)
 Metaspace       used 7516K, committed 7680K, reserved 1114112K
  class space    used 951K, committed 1024K, reserved 1048576K
}
Event: 18.794 GC heap before
{Heap before GC invocations=2 (full 0):
 garbage-first heap   total 126976K, used 46520K [0x0000000085200000, 0x0000000100000000)
  region size 1024K, 42 young (43008K), 3 survivors (3072K)
 Metaspace       used 18276K, committed 18624K, reserved 1114112K
  class space    used 2464K, committed 2624K, reserved 1048576K
}
Event: 18.809 GC heap after
{Heap after GC invocations=3 (full 0):
 garbage-first heap   total 126976K, used 11873K [0x0000000085200000, 0x0000000100000000)
  region size 1024K, 6 young (6144K), 6 survivors (6144K)
 Metaspace       used 18276K, committed 18624K, reserved 1114112K
  class space    used 2464K, committed 2624K, reserved 1048576K
}

Deoptimization events (20 events):
Event: 18.745 Thread 0x000001772190f2d0 Uncommon trap: trap_request=0xffffffde fr.pc=0x0000017712829510 relative=0x0000000000003fd0
Event: 18.745 Thread 0x000001772190f2d0 Uncommon trap: reason=class_check action=maybe_recompile pc=0x0000017712829510 method=com.sun.javafx.css.StyleMap.getCascadingStyles()Ljava/util/Map; @ 77 c2
Event: 18.745 Thread 0x000001772190f2d0 DEOPT PACKING pc=0x0000017712829510 sp=0x00000034e51f8b20
Event: 18.745 Thread 0x000001772190f2d0 DEOPT UNPACKING pc=0x000001771221239d sp=0x00000034e51f8b30 mode 2
Event: 18.745 Thread 0x000001772190f2d0 Uncommon trap: trap_request=0xffffffde fr.pc=0x000001771285ae14 relative=0x00000000000008f4
Event: 18.746 Thread 0x000001772190f2d0 Uncommon trap: reason=class_check action=maybe_recompile pc=0x000001771285ae14 method=javafx.scene.CssStyleHelper.getStyle(Ljavafx/css/Styleable;Ljava/lang/String;Lcom/sun/javafx/css/StyleMap;Ljava/util/Set;)Lcom/sun/javafx/css/CascadingStyle; @ 140 c2
Event: 18.746 Thread 0x000001772190f2d0 DEOPT PACKING pc=0x000001771285ae14 sp=0x00000034e51f84b0
Event: 18.746 Thread 0x000001772190f2d0 DEOPT UNPACKING pc=0x000001771221239d sp=0x00000034e51f8410 mode 2
Event: 18.746 Thread 0x000001772190f2d0 Uncommon trap: trap_request=0xffffffde fr.pc=0x000001771285ae14 relative=0x00000000000008f4
Event: 18.746 Thread 0x000001772190f2d0 Uncommon trap: reason=class_check action=maybe_recompile pc=0x000001771285ae14 method=javafx.scene.CssStyleHelper.getStyle(Ljavafx/css/Styleable;Ljava/lang/String;Lcom/sun/javafx/css/StyleMap;Ljava/util/Set;)Lcom/sun/javafx/css/CascadingStyle; @ 140 c2
Event: 18.746 Thread 0x000001772190f2d0 DEOPT PACKING pc=0x000001771285ae14 sp=0x00000034e51f85f0
Event: 18.746 Thread 0x000001772190f2d0 DEOPT UNPACKING pc=0x000001771221239d sp=0x00000034e51f8550 mode 2
Event: 18.750 Thread 0x000001772190f2d0 Uncommon trap: trap_request=0xffffffde fr.pc=0x0000017712829510 relative=0x0000000000003fd0
Event: 18.750 Thread 0x000001772190f2d0 Uncommon trap: reason=class_check action=maybe_recompile pc=0x0000017712829510 method=com.sun.javafx.css.StyleMap.getCascadingStyles()Ljava/util/Map; @ 77 c2
Event: 18.750 Thread 0x000001772190f2d0 DEOPT PACKING pc=0x0000017712829510 sp=0x00000034e51f8ae0
Event: 18.750 Thread 0x000001772190f2d0 DEOPT UNPACKING pc=0x000001771221239d sp=0x00000034e51f8af8 mode 2
Event: 18.753 Thread 0x000001772190f2d0 Uncommon trap: trap_request=0xffffffde fr.pc=0x0000017712829510 relative=0x0000000000003fd0
Event: 18.753 Thread 0x000001772190f2d0 Uncommon trap: reason=class_check action=maybe_recompile pc=0x0000017712829510 method=com.sun.javafx.css.StyleMap.getCascadingStyles()Ljava/util/Map; @ 77 c2
Event: 18.753 Thread 0x000001772190f2d0 DEOPT PACKING pc=0x0000017712829510 sp=0x00000034e51f8ae0
Event: 18.753 Thread 0x000001772190f2d0 DEOPT UNPACKING pc=0x000001771221239d sp=0x00000034e51f8af8 mode 2

Classes unloaded (0 events):
No events

Classes redefined (0 events):
No events

Internal exceptions (20 events):
Event: 2.124 Thread 0x000001772190f2d0 Implicit null exception at 0x00000177127d15b3 to 0x00000177127d1a44
Event: 2.244 Thread 0x000001772190f2d0 Implicit null exception at 0x00000177127d018f to 0x00000177127d0209
Event: 2.346 Thread 0x000001772190f2d0 Exception <a 'java/lang/NoSuchMethodError'{0x000000008bec9848}: 'java.lang.Object java.lang.invoke.DirectMethodHandle$Holder.invokeInterface(java.lang.Object, java.lang.Object, java.lang.Object)'> (0x000000008bec9848) 
thrown [s\open\src\hotspot\share\interpreter\linkResolver.cpp, line 759]
Event: 2.347 Thread 0x000001772190f2d0 Exception <a 'java/lang/IncompatibleClassChangeError'{0x000000008becd1d0}: Found class java.lang.Object, but interface was expected> (0x000000008becd1d0) 
thrown [s\open\src\hotspot\share\interpreter\linkResolver.cpp, line 826]
Event: 2.440 Thread 0x000001772190f2d0 Exception <a 'java/lang/NoSuchMethodError'{0x000000008bc45ae0}: 'java.lang.Object java.lang.invoke.DirectMethodHandle$Holder.newInvokeSpecial(java.lang.Object, java.lang.Object, int)'> (0x000000008bc45ae0) 
thrown [s\open\src\hotspot\share\interpreter\linkResolver.cpp, line 759]
Event: 2.474 Thread 0x0000017721910140 Exception <a 'java/lang/NoSuchMethodError'{0x000000008bcf8520}: 'int java.lang.invoke.DirectMethodHandle$Holder.invokeStaticInit(java.lang.Object, java.lang.Object)'> (0x000000008bcf8520) 
thrown [s\open\src\hotspot\share\interpreter\linkResolver.cpp, line 759]
Event: 3.638 Thread 0x000001772190f2d0 Exception <a 'java/lang/NoSuchMethodError'{0x000000008b439438}: 'long java.lang.invoke.DirectMethodHandle$Holder.invokeStatic(java.lang.Object, java.lang.Object, java.lang.Object)'> (0x000000008b439438) 
thrown [s\open\src\hotspot\share\interpreter\linkResolver.cpp, line 759]
Event: 3.638 Thread 0x000001772190f2d0 Exception <a 'java/lang/NoSuchMethodError'{0x000000008b43cbe0}: 'long java.lang.invoke.DirectMethodHandle$Holder.invokeStaticInit(java.lang.Object, java.lang.Object, java.lang.Object)'> (0x000000008b43cbe0) 
thrown [s\open\src\hotspot\share\interpreter\linkResolver.cpp, line 759]
Event: 3.641 Thread 0x000001772190f2d0 Exception <a 'java/lang/NoSuchMethodError'{0x000000008b454b08}: 'java.lang.Object java.lang.invoke.DirectMethodHandle$Holder.newInvokeSpecial(java.lang.Object, java.lang.Object, long)'> (0x000000008b454b08) 
thrown [s\open\src\hotspot\share\interpreter\linkResolver.cpp, line 759]
Event: 3.641 Thread 0x000001772190f2d0 Exception <a 'java/lang/NoSuchMethodError'{0x000000008b458678}: 'java.lang.Object java.lang.invoke.Invokers$Holder.linkToTargetMethod(java.lang.Object, long, java.lang.Object)'> (0x000000008b458678) 
thrown [s\open\src\hotspot\share\interpreter\linkResolver.cpp, line 759]
Event: 4.826 Thread 0x000001772190f2d0 Exception <a 'sun/nio/fs/WindowsException'{0x000000008b38ce38}> (0x000000008b38ce38) 
thrown [s\open\src\hotspot\share\prims\jni.cpp, line 516]
Event: 4.893 Thread 0x000001772190f2d0 Exception <a 'java/lang/NoSuchMethodError'{0x000000008b2dceb8}: 'int java.lang.invoke.DirectMethodHandle$Holder.invokeSpecial(java.lang.Object, java.lang.Object, java.lang.Object)'> (0x000000008b2dceb8) 
thrown [s\open\src\hotspot\share\interpreter\linkResolver.cpp, line 759]
Event: 4.953 Thread 0x000001772190f2d0 Exception <a 'java/lang/NoSuchMethodError'{0x000000008b193378}: 'java.lang.Object java.lang.invoke.DirectMethodHandle$Holder.invokeStaticInit(java.lang.Object, int, int, int, int)'> (0x000000008b193378) 
thrown [s\open\src\hotspot\share\interpreter\linkResolver.cpp, line 759]
Event: 5.006 Thread 0x000001772190f2d0 Exception <a 'java/lang/NoSuchMethodError'{0x000000008b1c4668}: 'java.lang.Object java.lang.invoke.DirectMethodHandle$Holder.invokeStaticInit(java.lang.Object, java.lang.Object, int, int, int, int)'> (0x000000008b1c4668) 
thrown [s\open\src\hotspot\share\interpreter\linkResolver.cpp, line 759]
Event: 5.082 Thread 0x000001772190f2d0 Exception <a 'sun/nio/fs/WindowsException'{0x000000008af57308}> (0x000000008af57308) 
thrown [s\open\src\hotspot\share\prims\jni.cpp, line 516]
Event: 5.092 Thread 0x000001772190f2d0 Exception <a 'sun/nio/fs/WindowsException'{0x000000008af6b8b0}> (0x000000008af6b8b0) 
thrown [s\open\src\hotspot\share\prims\jni.cpp, line 516]
Event: 5.212 Thread 0x000001772190f2d0 Implicit null exception at 0x000001771283fb56 to 0x00000177128403b8
Event: 18.513 Thread 0x000001772190f2d0 Exception <a 'java/lang/ClassNotFoundException'{0x000000008a8b3ab0}: com/sun/javafx/scene/control/skin/resources/controls> (0x000000008a8b3ab0) 
thrown [s\open\src\hotspot\share\prims\jni.cpp, line 535]
Event: 18.518 Thread 0x000001772190f2d0 Exception <a 'java/lang/ClassNotFoundException'{0x000000008a8c2250}: com/sun/javafx/scene/control/skin/resources/controls_ru> (0x000000008a8c2250) 
thrown [s\open\src\hotspot\share\prims\jni.cpp, line 535]
Event: 18.518 Thread 0x000001772190f2d0 Exception <a 'java/lang/ClassNotFoundException'{0x000000008a8c3a80}: com/sun/javafx/scene/control/skin/resources/controls_ru_RU> (0x000000008a8c3a80) 
thrown [s\open\src\hotspot\share\prims\jni.cpp, line 535]

VM Operations (20 events):
Event: 5.230 Executing VM operation: HandshakeAllThreads done
Event: 6.230 Executing VM operation: Cleanup
Event: 6.231 Executing VM operation: Cleanup done
Event: 7.231 Executing VM operation: Cleanup
Event: 7.232 Executing VM operation: Cleanup done
Event: 17.234 Executing VM operation: Cleanup
Event: 17.234 Executing VM operation: Cleanup done
Event: 18.498 Executing VM operation: HandshakeAllThreads
Event: 18.498 Executing VM operation: HandshakeAllThreads done
Event: 18.498 Executing VM operation: Cleanup
Event: 18.512 Executing VM operation: Cleanup done
Event: 18.550 Executing VM operation: HandshakeAllThreads
Event: 18.550 Executing VM operation: HandshakeAllThreads done
Event: 18.793 Executing VM operation: G1CollectForAllocation
Event: 18.810 Executing VM operation: G1CollectForAllocation done
Event: 20.809 Executing VM operation: Cleanup
Event: 20.810 Executing VM operation: Cleanup done
Event: 36.812 Executing VM operation: Cleanup
Event: 36.812 Executing VM operation: Cleanup done
Event: 39.754 Executing VM operation: Exit

Events (20 events):
Event: 5.340 loading class java/io/FileOutputStream$1 done
Event: 6.611 Thread 0x0000017769bde820 Thread exited: 0x0000017769bde820
Event: 18.336 loading class sun/reflect/generics/tree/BottomSignature
Event: 18.336 loading class sun/reflect/generics/tree/BottomSignature done
Event: 18.336 loading class sun/reflect/generics/tree/Wildcard
Event: 18.336 loading class sun/reflect/generics/tree/Wildcard done
Event: 18.336 loading class sun/reflect/generics/reflectiveObjects/WildcardTypeImpl
Event: 18.336 loading class java/lang/reflect/WildcardType
Event: 18.337 loading class java/lang/reflect/WildcardType done
Event: 18.337 loading class sun/reflect/generics/reflectiveObjects/WildcardTypeImpl done
Event: 18.456 Thread 0x000001776a035470 Thread added: 0x000001776a035470
Event: 24.253 Thread 0x000001776a035470 Thread exited: 0x000001776a035470
Event: 39.749 loading class jdk/internal/misc/Signal$1
Event: 39.749 loading class jdk/internal/misc/Signal$1 done
Event: 39.750 Thread 0x000001772190e460 Thread added: 0x000001772190e460
Event: 39.750 Thread 0x0000017721910ae0 Thread added: 0x0000017721910ae0
Event: 39.750 Thread 0x0000017721910fb0 Thread added: 0x0000017721910fb0
Event: 39.752 Thread 0x0000017721910fb0 Thread exited: 0x0000017721910fb0
Event: 39.754 Thread 0x0000017721910ae0 Thread exited: 0x0000017721910ae0
Event: 39.754 Thread 0x00000177211d6590 Thread exited: 0x00000177211d6590


Dynamic libraries:
0x00007ff7c4400000 - 0x00007ff7c4410000 	C:\Program Files\Java\jdk-17\bin\java.exe
0x00007ffb17570000 - 0x00007ffb17768000 	C:\Windows\SYSTEM32\ntdll.dll
0x00007ffb17380000 - 0x00007ffb1743f000 	C:\Windows\System32\KERNEL32.DLL
0x00007ffb15140000 - 0x00007ffb15436000 	C:\Windows\System32\KERNELBASE.dll
0x00007ffb14d20000 - 0x00007ffb14e20000 	C:\Windows\System32\ucrtbase.dll
0x00007ffb05650000 - 0x00007ffb05669000 	C:\Program Files\Java\jdk-17\bin\jli.dll
0x00007ffb16f60000 - 0x00007ffb1700f000 	C:\Windows\System32\ADVAPI32.dll
0x00007ffb156b0000 - 0x00007ffb1574e000 	C:\Windows\System32\msvcrt.dll
0x00007ffab3150000 - 0x00007ffab316b000 	C:\Program Files\Java\jdk-17\bin\VCRUNTIME140.dll
0x00007ffb16200000 - 0x00007ffb1629c000 	C:\Windows\System32\sechost.dll
0x00007ffb17010000 - 0x00007ffb17136000 	C:\Windows\System32\RPCRT4.dll
0x00007ffb16060000 - 0x00007ffb161fd000 	C:\Windows\System32\USER32.dll
0x00007ffb14c50000 - 0x00007ffb14c72000 	C:\Windows\System32\win32u.dll
0x00007ffb162a0000 - 0x00007ffb162cc000 	C:\Windows\System32\GDI32.dll
0x00007ffb15020000 - 0x00007ffb15135000 	C:\Windows\System32\gdi32full.dll
0x00007ffb14f80000 - 0x00007ffb1501d000 	C:\Windows\System32\msvcp_win.dll
0x00007ffb0d720000 - 0x00007ffb0d9ba000 	C:\Windows\WinSxS\amd64_microsoft.windows.common-controls_6595b64144ccf1df_6.0.19041.1110_none_60b5254171f9507e\COMCTL32.dll
0x00007ffb0df10000 - 0x00007ffb0df1a000 	C:\Windows\SYSTEM32\VERSION.dll
0x00007ffb17270000 - 0x00007ffb172a0000 	C:\Windows\System32\IMM32.DLL
0x00007ffb05640000 - 0x00007ffb0564c000 	C:\Program Files\Java\jdk-17\bin\vcruntime140_1.dll
0x00007ffab30c0000 - 0x00007ffab314e000 	C:\Program Files\Java\jdk-17\bin\msvcp140.dll
0x00007ffab24e0000 - 0x00007ffab30be000 	C:\Program Files\Java\jdk-17\bin\server\jvm.dll
0x00007ffb155d0000 - 0x00007ffb155d8000 	C:\Windows\System32\PSAPI.DLL
0x00007ffb04c90000 - 0x00007ffb04c99000 	C:\Windows\SYSTEM32\WSOCK32.dll
0x00007ffb172b0000 - 0x00007ffb1731b000 	C:\Windows\System32\WS2_32.dll
0x00007ffb0df70000 - 0x00007ffb0df97000 	C:\Windows\SYSTEM32\WINMM.dll
0x00007ffb12a20000 - 0x00007ffb12a32000 	C:\Windows\SYSTEM32\kernel.appcore.dll
0x00007ffb03b10000 - 0x00007ffb03b1a000 	C:\Program Files\Java\jdk-17\bin\jimage.dll
0x00007ffb05820000 - 0x00007ffb05a04000 	C:\Windows\SYSTEM32\DBGHELP.DLL
0x00007ffb04bd0000 - 0x00007ffb04c04000 	C:\Windows\SYSTEM32\dbgcore.DLL
0x00007ffb15540000 - 0x00007ffb155c2000 	C:\Windows\System32\bcryptPrimitives.dll
0x00007ffb01c90000 - 0x00007ffb01c9e000 	C:\Program Files\Java\jdk-17\bin\instrument.dll
0x00007ffab24b0000 - 0x00007ffab24d5000 	C:\Program Files\Java\jdk-17\bin\java.dll
0x00007ffab23d0000 - 0x00007ffab24a7000 	C:\Program Files\Java\jdk-17\bin\jsvml.dll
0x00007ffb15750000 - 0x00007ffb15e94000 	C:\Windows\System32\SHELL32.dll
0x00007ffb12d00000 - 0x00007ffb13494000 	C:\Windows\SYSTEM32\windows.storage.dll
0x00007ffb16350000 - 0x00007ffb166a4000 	C:\Windows\System32\combase.dll
0x00007ffb14690000 - 0x00007ffb146be000 	C:\Windows\SYSTEM32\Wldp.dll
0x00007ffb16910000 - 0x00007ffb169bd000 	C:\Windows\System32\SHCORE.dll
0x00007ffb17320000 - 0x00007ffb17375000 	C:\Windows\System32\shlwapi.dll
0x00007ffb14b80000 - 0x00007ffb14ba5000 	C:\Windows\SYSTEM32\profapi.dll
0x00007ffab23b0000 - 0x00007ffab23c9000 	C:\Program Files\Java\jdk-17\bin\net.dll
0x00007ffb0cc30000 - 0x00007ffb0cd3a000 	C:\Windows\SYSTEM32\WINHTTP.dll
0x00007ffb143f0000 - 0x00007ffb1445a000 	C:\Windows\system32\mswsock.dll
0x00007ffab2390000 - 0x00007ffab23a6000 	C:\Program Files\Java\jdk-17\bin\nio.dll
0x00007ffab2370000 - 0x00007ffab2388000 	C:\Program Files\Java\jdk-17\bin\zip.dll
0x00007ffaf8120000 - 0x00007ffaf813a000 	C:\Program Files\JetBrains\IntelliJ IDEA Community Edition 2022.3.1\bin\breakgen64.dll
0x0000017721fa0000 - 0x0000017721fa3000 	C:\Users\mdv\.openjfx\cache\17.0.2-ea\api-ms-win-core-console-l1-1-0.dll
0x0000017721fb0000 - 0x0000017721fb3000 	C:\Users\mdv\.openjfx\cache\17.0.2-ea\api-ms-win-core-console-l1-2-0.dll
0x0000017721fc0000 - 0x0000017721fc3000 	C:\Users\mdv\.openjfx\cache\17.0.2-ea\api-ms-win-core-datetime-l1-1-0.dll
0x0000017721fd0000 - 0x0000017721fd3000 	C:\Users\mdv\.openjfx\cache\17.0.2-ea\api-ms-win-core-debug-l1-1-0.dll
0x0000017721fe0000 - 0x0000017721fe3000 	C:\Users\mdv\.openjfx\cache\17.0.2-ea\api-ms-win-core-errorhandling-l1-1-0.dll
0x0000017721ff0000 - 0x0000017721ff4000 	C:\Users\mdv\.openjfx\cache\17.0.2-ea\api-ms-win-core-file-l1-1-0.dll
0x0000017767000000 - 0x0000017767003000 	C:\Users\mdv\.openjfx\cache\17.0.2-ea\api-ms-win-core-file-l1-2-0.dll
0x0000017767010000 - 0x0000017767013000 	C:\Users\mdv\.openjfx\cache\17.0.2-ea\api-ms-win-core-file-l2-1-0.dll
0x0000017767020000 - 0x0000017767023000 	C:\Users\mdv\.openjfx\cache\17.0.2-ea\api-ms-win-core-handle-l1-1-0.dll
0x0000017767030000 - 0x0000017767033000 	C:\Users\mdv\.openjfx\cache\17.0.2-ea\api-ms-win-core-heap-l1-1-0.dll
0x0000017767040000 - 0x0000017767043000 	C:\Users\mdv\.openjfx\cache\17.0.2-ea\api-ms-win-core-interlocked-l1-1-0.dll
0x0000017767050000 - 0x0000017767053000 	C:\Users\mdv\.openjfx\cache\17.0.2-ea\api-ms-win-core-libraryloader-l1-1-0.dll
0x0000017767060000 - 0x0000017767063000 	C:\Users\mdv\.openjfx\cache\17.0.2-ea\api-ms-win-core-localization-l1-2-0.dll
0x0000017767070000 - 0x0000017767073000 	C:\Users\mdv\.openjfx\cache\17.0.2-ea\api-ms-win-core-memory-l1-1-0.dll
0x0000017767080000 - 0x0000017767083000 	C:\Users\mdv\.openjfx\cache\17.0.2-ea\api-ms-win-core-namedpipe-l1-1-0.dll
0x0000017767090000 - 0x0000017767093000 	C:\Users\mdv\.openjfx\cache\17.0.2-ea\api-ms-win-core-processenvironment-l1-1-0.dll
0x00000177670a0000 - 0x00000177670a3000 	C:\Users\mdv\.openjfx\cache\17.0.2-ea\api-ms-win-core-processthreads-l1-1-0.dll
0x00000177670b0000 - 0x00000177670b3000 	C:\Users\mdv\.openjfx\cache\17.0.2-ea\api-ms-win-core-processthreads-l1-1-1.dll
0x00000177670c0000 - 0x00000177670c3000 	C:\Users\mdv\.openjfx\cache\17.0.2-ea\api-ms-win-core-profile-l1-1-0.dll
0x00000177670d0000 - 0x00000177670d3000 	C:\Users\mdv\.openjfx\cache\17.0.2-ea\api-ms-win-core-rtlsupport-l1-1-0.dll
0x00000177670e0000 - 0x00000177670e3000 	C:\Users\mdv\.openjfx\cache\17.0.2-ea\api-ms-win-core-string-l1-1-0.dll
0x00000177670f0000 - 0x00000177670f3000 	C:\Users\mdv\.openjfx\cache\17.0.2-ea\api-ms-win-core-synch-l1-1-0.dll
0x0000017767100000 - 0x0000017767103000 	C:\Users\mdv\.openjfx\cache\17.0.2-ea\api-ms-win-core-synch-l1-2-0.dll
0x0000017767110000 - 0x0000017767113000 	C:\Users\mdv\.openjfx\cache\17.0.2-ea\api-ms-win-core-sysinfo-l1-1-0.dll
0x0000017767120000 - 0x0000017767123000 	C:\Users\mdv\.openjfx\cache\17.0.2-ea\api-ms-win-core-timezone-l1-1-0.dll
0x0000017767130000 - 0x0000017767133000 	C:\Users\mdv\.openjfx\cache\17.0.2-ea\api-ms-win-core-util-l1-1-0.dll
0x0000017767140000 - 0x0000017767143000 	C:\Users\mdv\.openjfx\cache\17.0.2-ea\api-ms-win-crt-conio-l1-1-0.dll
0x0000017767150000 - 0x0000017767154000 	C:\Users\mdv\.openjfx\cache\17.0.2-ea\api-ms-win-crt-convert-l1-1-0.dll
0x0000017767160000 - 0x0000017767163000 	C:\Users\mdv\.openjfx\cache\17.0.2-ea\api-ms-win-crt-environment-l1-1-0.dll
0x0000017767170000 - 0x0000017767173000 	C:\Users\mdv\.openjfx\cache\17.0.2-ea\api-ms-win-crt-filesystem-l1-1-0.dll
0x0000017767180000 - 0x0000017767183000 	C:\Users\mdv\.openjfx\cache\17.0.2-ea\api-ms-win-crt-heap-l1-1-0.dll
0x0000017767190000 - 0x0000017767193000 	C:\Users\mdv\.openjfx\cache\17.0.2-ea\api-ms-win-crt-locale-l1-1-0.dll
0x00000177671a0000 - 0x00000177671a5000 	C:\Users\mdv\.openjfx\cache\17.0.2-ea\api-ms-win-crt-math-l1-1-0.dll
0x00000177671b0000 - 0x00000177671b5000 	C:\Users\mdv\.openjfx\cache\17.0.2-ea\api-ms-win-crt-multibyte-l1-1-0.dll
0x00000177671c0000 - 0x00000177671d0000 	C:\Users\mdv\.openjfx\cache\17.0.2-ea\api-ms-win-crt-private-l1-1-0.dll
0x00000177671d0000 - 0x00000177671d3000 	C:\Users\mdv\.openjfx\cache\17.0.2-ea\api-ms-win-crt-process-l1-1-0.dll
0x00000177671e0000 - 0x00000177671e4000 	C:\Users\mdv\.openjfx\cache\17.0.2-ea\api-ms-win-crt-runtime-l1-1-0.dll
0x00000177671f0000 - 0x00000177671f4000 	C:\Users\mdv\.openjfx\cache\17.0.2-ea\api-ms-win-crt-stdio-l1-1-0.dll
0x0000017767200000 - 0x0000017767204000 	C:\Users\mdv\.openjfx\cache\17.0.2-ea\api-ms-win-crt-string-l1-1-0.dll
0x0000017767210000 - 0x0000017767213000 	C:\Users\mdv\.openjfx\cache\17.0.2-ea\api-ms-win-crt-time-l1-1-0.dll
0x0000017767220000 - 0x0000017767223000 	C:\Users\mdv\.openjfx\cache\17.0.2-ea\api-ms-win-crt-utility-l1-1-0.dll
0x00007ffab4a50000 - 0x00007ffab4b4c000 	C:\Users\mdv\.openjfx\cache\17.0.2-ea\ucrtbase.dll
0x00007ffaf80f0000 - 0x00007ffaf810a000 	C:\Users\mdv\.openjfx\cache\17.0.2-ea\vcruntime140.dll
0x00007ffaf80e0000 - 0x00007ffaf80ec000 	C:\Users\mdv\.openjfx\cache\17.0.2-ea\vcruntime140_1.dll
0x00007ffaf8050000 - 0x00007ffaf80dd000 	C:\Users\mdv\.openjfx\cache\17.0.2-ea\msvcp140.dll
0x00007ffaf8020000 - 0x00007ffaf804a000 	C:\Users\mdv\.openjfx\cache\17.0.2-ea\prism_d3d.dll
0x00007ffacac40000 - 0x00007ffacae0d000 	C:\Windows\system32\d3d9.dll
0x00007ffb129f0000 - 0x00007ffb12a1f000 	C:\Windows\SYSTEM32\dwmapi.dll
0x00007ffb125e0000 - 0x00007ffb1267e000 	C:\Windows\system32\uxtheme.dll
0x00007ffab15a0000 - 0x00007ffab1eee000 	C:\Windows\SYSTEM32\nvd3dumx.dll
0x00007ffab4a00000 - 0x00007ffab4a42000 	C:\Users\mdv\.openjfx\cache\17.0.2-ea\glass.dll
0x00007ffb167d0000 - 0x00007ffb168aa000 	C:\Windows\System32\COMDLG32.dll
0x00007ffb169c0000 - 0x00007ffb16aea000 	C:\Windows\System32\ole32.dll
0x00007ffb155e0000 - 0x00007ffb156ad000 	C:\Windows\System32\OLEAUT32.dll
0x00007ffb166b0000 - 0x00007ffb167c4000 	C:\Windows\System32\MSCTF.dll
0x00007ffb14200000 - 0x00007ffb1424b000 	C:\Windows\SYSTEM32\powrprof.dll
0x00007ffb14070000 - 0x00007ffb14082000 	C:\Windows\SYSTEM32\UMPDC.dll
0x00007ffab4fd0000 - 0x00007ffab4fe4000 	C:\Users\mdv\.openjfx\cache\17.0.2-ea\javafx_font.dll
0x00007ffafb610000 - 0x00007ffafb88f000 	C:\Windows\SYSTEM32\dwrite.dll
0x00007ffb171c0000 - 0x00007ffb17269000 	C:\Windows\System32\clbcatq.dll
0x00007ffb0bd00000 - 0x00007ffb0beb4000 	C:\Windows\SYSTEM32\WindowsCodecs.dll
0x00007ffb14c80000 - 0x00007ffb14ca7000 	C:\Windows\System32\bcrypt.dll
0x00007ffafaf80000 - 0x00007ffafafbe000 	C:\Windows\system32\dataexchange.dll
0x00007ffb10d30000 - 0x00007ffb10f13000 	C:\Windows\system32\dcomp.dll
0x00007ffb10860000 - 0x00007ffb10ac3000 	C:\Windows\system32\d3d11.dll
0x00007ffb13500000 - 0x00007ffb135f3000 	C:\Windows\system32\dxgi.dll
0x00007ffb0eab0000 - 0x00007ffb0ecb7000 	C:\Windows\system32\twinapi.appcore.dll
0x00007ffab37e0000 - 0x00007ffab3814000 	C:\Program Files\Common Files\Microsoft Shared\Ink\rtscom.dll
0x00007ffb013a0000 - 0x00007ffb01499000 	C:\Windows\SYSTEM32\textinputframework.dll
0x00007ffb11de0000 - 0x00007ffb11ed2000 	C:\Windows\System32\CoreMessaging.dll
0x00007ffb11a50000 - 0x00007ffb11dae000 	C:\Windows\System32\CoreUIComponents.dll
0x00007ffb13dc0000 - 0x00007ffb13df3000 	C:\Windows\SYSTEM32\ntmarta.dll
0x00007ffb0fa90000 - 0x00007ffb0fbe4000 	C:\Windows\SYSTEM32\wintypes.dll
0x00007ffb140e0000 - 0x00007ffb141aa000 	C:\Windows\SYSTEM32\DNSAPI.dll
0x00007ffb14090000 - 0x00007ffb140cc000 	C:\Windows\SYSTEM32\IPHLPAPI.DLL
0x00007ffb16050000 - 0x00007ffb16058000 	C:\Windows\System32\NSI.dll
0x00007ffb0a5c0000 - 0x00007ffb0a5ca000 	C:\Windows\System32\rasadhlp.dll
0x00007ffb0a880000 - 0x00007ffb0a902000 	C:\Windows\System32\fwpuclnt.dll
0x00007ffaf30a0000 - 0x00007ffaf30aa000 	C:\Program Files\Java\jdk-17\bin\management.dll
0x00007ffaf3090000 - 0x00007ffaf309b000 	C:\Program Files\Java\jdk-17\bin\management_ext.dll
0x00007ffb145e0000 - 0x00007ffb145f8000 	C:\Windows\SYSTEM32\CRYPTSP.dll

dbghelp: loaded successfully - version: 4.0.5 - missing functions: none
symbol engine: initialized successfully - sym options: 0x614 - pdb path: .;C:\Program Files\Java\jdk-17\bin;C:\Windows\SYSTEM32;C:\Windows\WinSxS\amd64_microsoft.windows.common-controls_6595b64144ccf1df_6.0.19041.1110_none_60b5254171f9507e;C:\Program Files\Java\jdk-17\bin\server;C:\Program Files\JetBrains\IntelliJ IDEA Community Edition 2022.3.1\bin;C:\Users\mdv\.openjfx\cache\17.0.2-ea;C:\Program Files\Common Files\Microsoft Shared\Ink

VM Arguments:
jvm_args: -javaagent:C:\Program Files\JetBrains\IntelliJ IDEA Community Edition 2022.3.1\lib\idea_rt.jar=57984:C:\Program Files\JetBrains\IntelliJ IDEA Community Edition 2022.3.1\bin -Dfile.encoding=UTF-8 --module-path=C:\Users\mdv\.m2\repository\org\openjfx\javafx-controls\17.0.2\javafx-controls-17.0.2-win.jar;C:\Tools\javafx-sdk-20\lib\javafx.controls.jar;C:\Users\mdv\.m2\repository\org\openjfx\javafx-base\17.0.2\javafx-base-17.0.2-win.jar;C:\Tools\javafx-sdk-20\lib\javafx.base.jar;C:\projects\demo\target\classes;C:\Users\mdv\.m2\repository\org\postgresql\postgresql\42.2.27\postgresql-42.2.27.jar;C:\Users\mdv\.m2\repository\org\openjfx\javafx-graphics\17.0.2\javafx-graphics-17.0.2-win.jar;C:\Tools\javafx-sdk-20\lib\javafx.graphics.jar;C:\Users\mdv\.m2\repository\org\jsoup\jsoup\1.15.3\jsoup-1.15.3.jar;C:\Users\mdv\.m2\repository\org\openjfx\javafx-fxml\17.0.2\javafx-fxml-17.0.2-win.jar;C:\Tools\javafx-sdk-20\lib\javafx.fxml.jar -Djdk.module.main=com.example.demo 
java_command: com.example.demo/com.example.demo.HelloApplication
java_class_path (initial): C:\Users\mdv\.m2\repository\org\openjfx\javafx-controls\17.0.2\javafx-controls-17.0.2.jar;C:\Users\mdv\.m2\repository\org\openjfx\javafx-graphics\17.0.2\javafx-graphics-17.0.2.jar;C:\Users\mdv\.m2\repository\org\openjfx\javafx-base\17.0.2\javafx-base-17.0.2.jar;C:\Users\mdv\.m2\repository\org\openjfx\javafx-fxml\17.0.2\javafx-fxml-17.0.2.jar;C:\Users\mdv\.m2\repository\org\checkerframework\checker-qual\3.5.0\checker-qual-3.5.0.jar;C:\Tools\javafx-sdk-20\lib\javafx-swt.jar;C:\Tools\javafx-sdk-20\lib\javafx.web.jar;C:\Tools\javafx-sdk-20\lib\javafx.media.jar;C:\Tools\javafx-sdk-20\lib\javafx.swing.jar
Launcher Type: SUN_STANDARD

[Global flags]
     intx CICompilerCount                          = 3                                         {product} {ergonomic}
     uint ConcGCThreads                            = 1                                         {product} {ergonomic}
     uint G1ConcRefinementThreads                  = 4                                         {product} {ergonomic}
   size_t G1HeapRegionSize                         = 1048576                                   {product} {ergonomic}
    uintx GCDrainStackTargetSize                   = 64                                        {product} {ergonomic}
   size_t InitialHeapSize                          = 130023424                                 {product} {ergonomic}
   size_t MarkStackSize                            = 4194304                                   {product} {ergonomic}
   size_t MaxHeapSize                              = 2061500416                                {product} {ergonomic}
   size_t MaxNewSize                               = 1236271104                                {product} {ergonomic}
   size_t MinHeapDeltaBytes                        = 1048576                                   {product} {ergonomic}
   size_t MinHeapSize                              = 8388608                                   {product} {ergonomic}
    uintx NonNMethodCodeHeapSize                   = 5832780                                {pd product} {ergonomic}
    uintx NonProfiledCodeHeapSize                  = 122912730                              {pd product} {ergonomic}
    uintx ProfiledCodeHeapSize                     = 122912730                              {pd product} {ergonomic}
    uintx ReservedCodeCacheSize                    = 251658240                              {pd product} {ergonomic}
     bool SegmentedCodeCache                       = true                                      {product} {ergonomic}
   size_t SoftMaxHeapSize                          = 2061500416                             {manageable} {ergonomic}
     bool UseCompressedClassPointers               = true                           {product lp64_product} {ergonomic}
     bool UseCompressedOops                        = true                           {product lp64_product} {ergonomic}
     bool UseG1GC                                  = true                                      {product} {ergonomic}
     bool UseLargePagesIndividualAllocation        = false                                  {pd product} {ergonomic}

Logging:
Log output configuration:
 #0: stdout all=off uptime,level,tags
 #1: stderr all=off uptime,level,tags

Environment Variables:
JAVA_HOME=C:\Program Files\Java\jdk-17
PATH=C:\Program Files\Common Files\Oracle\Java\javapath;C:\Windows\system32;C:\Windows;C:\Windows\System32\Wbem;C:\Windows\System32\WindowsPowerShell\v1.0\;C:\Windows\System32\OpenSSH\;C:\Program Files\PuTTY\;C:\Program Files\Git\cmd;C:\Program Files\Java\jdk-17\bin;C:\Tools\apache-maven-3.8.7\bin;C:\Users\mdv\AppData\Local\Microsoft\WindowsApps;";C:\Program Files\Java\jdk-17\bin;C:\Tools\apache-maven-3.8.7\bin;";
USERNAME=mdv
OS=Windows_NT
PROCESSOR_IDENTIFIER=Intel64 Family 6 Model 37 Stepping 5, GenuineIntel



---------------  S Y S T E M  ---------------

OS:
 Windows 10 , 64 bit Build 19041 (10.0.19041.3155)
OS uptime: 0 days 0:05 hours

CPU: total 4 (initial active 4) (2 cores per cpu, 2 threads per core) family 6 model 37 stepping 5 microcode 0x7, cx8, cmov, fxsr, ht, mmx, sse, sse2, sse3, ssse3, sse4.1, sse4.2, popcnt, tsc, tscinvbit, aes, clmul, clflush

Memory: 4k page, system-wide physical 7861M (3236M free)
TotalPageFile size 9077M (AvailPageFile size 3640M)
current process WorkingSet (physical memory assigned to process): 140M, peak: 176M
current process commit charge ("private bytes"): 269M, peak: 297M

vm_info: Java HotSpot(TM) 64-Bit Server VM (17.0.8+9-LTS-211) for windows-amd64 JRE (17.0.8+9-LTS-211), built on Jun 14 2023 10:34:31 by "mach5one" with MS VC++ 17.1 (VS2022)

END.
